Warning type: USER.BAD_STRING_DEMO
Warning type: USER.BAD_KEYWORD_DEMO
Register: YAMLFactory.class
Register: DefaultDeserializationContext.class
Register: bec0f9e5d0bb464a3909821613f9d8635dc57fab
Register: 8d4e3ac794ad88a5efc3c67ed76e6c8bf5e46553
Register: 76016e32c9e5221b84ed0262f0d82c7c483eef7b
Register: adc4d1a380dfca357dd20beac40641c46a0db74d
Register: 455dd760ec169ff70f02f39721a70b2f35126885
Register: 0b0d33a178358289052303874d57a7d3c3ccc11a
Register: StringQuotingChecker$Default.class
Register: DeserializationConfig.class
Register: TypeFactory.class
Register: ObjectMapper.class
Module: 0b0d33a178358289052303874d57a7d3c3ccc11a
Module: bec0f9e5d0bb464a3909821613f9d8635dc57fab
Module: DefaultDeserializationContext.class
Module: TypeFactory.class
Module: 8d4e3ac794ad88a5efc3c67ed76e6c8bf5e46553
Module: 76016e32c9e5221b84ed0262f0d82c7c483eef7b
Module: 455dd760ec169ff70f02f39721a70b2f35126885
Module: ObjectMapper.class
Module: DeserializationConfig.class
Module: YAMLFactory.class
Module: adc4d1a380dfca357dd20beac40641c46a0db74d
Module: StringQuotingChecker$Default.class
Procedure: StringQuotingChecker$Default.instance
Procedure: YAMLFactory.<init>
Procedure: App.<init>
Procedure: ThemeLoader.<init>
Procedure: ColorUtil.<init>
Procedure: ThemeList.<init>
Procedure: Theme.<init>
Procedure: DeserializationConfig.<init>
Procedure: DefaultDeserializationContext.<init>
Procedure: TypeFactory.defaultInstance
Procedure: ObjectMapper.<init>
Procedure: CalculatorUI.<init>
Procedure: TypeFactory.unknownType
Procedure: ThemeLoader.loadThemes
Procedure: YAMLFactory.<init>
Procedure: Theme.getName
Procedure: ObjectMapper.<init>
Procedure: DefaultDeserializationContext.<init>
Procedure: CalculatorUI.calculate
Procedure: DeserializationConfig.initialize
Procedure: TypeFactory.constructSpecializedType
Procedure: App.main
Procedure: ThemeList.getThemes
Register: BaseSettings.class
Module: BaseSettings.class
Procedure: ColorUtil.hex2Color
Procedure: Theme.setName
Register: MapperConfig.class
Module: MapperConfig.class
Procedure: DefaultDeserializationContext.<init>
Procedure: Theme.getApplicationBackground
Procedure: DefaultDeserializationContext.checkUnresolvedObjectId
Procedure: Theme.setApplicationBackground
Register: ObjectCodec.class
Procedure: ThemeList.setThemes
Module: ObjectCodec.class
Procedure: ColorUtil.lambda$hex2Color$0
Procedure: Theme.getTextColor
Procedure: ObjectCodec.<init>
Procedure: Theme.setTextColor
Procedure: ThemeList.getThemesAsMap
Procedure: Theme.getBtnEqualTextColor
Procedure: DeserializationConfig.useRootWrapping
Procedure: Theme.setBtnEqualTextColor
Register: MappingJsonFactory.class
Module: MappingJsonFactory.class
Procedure: CalculatorUI.initThemeSelector
Procedure: Theme.getOperatorBackground
Register: StdSubtypeResolver.class
Module: StdSubtypeResolver.class
Register: RootNameLookup.class
Module: RootNameLookup.class
Procedure: Theme.setOperatorBackground
Procedure: ObjectMapper.defaultClassIntrospector
Procedure: ObjectMapper.registerModule
Procedure: Theme.getNumbersBackground
Procedure: CalculatorUI.initInputScreen
Procedure: MappingJsonFactory.<init>
Procedure: DeserializationConfig.isEnabled
Procedure: Theme.setNumbersBackground
Procedure: BaseSettings.<init>
Procedure: Theme.getBtnEqualBackground
Procedure: TypeFactory._bindingsForSubtype
Procedure: CalculatorUI.initCalculatorTypeSelector
Procedure: RootNameLookup.<init>
Procedure: Theme.setBtnEqualBackground
Procedure: CalculatorUI.initButtons
Register: SimpleMixInResolver.class
Module: SimpleMixInResolver.class
Procedure: DeserializationConfig.getDeserializationFeatures
Register: ConfigOverrides.class
Procedure: StdSubtypeResolver.<init>
Module: ConfigOverrides.class
Procedure: RootNameLookup.findRootName
Register: CoercionConfigs.class
Module: CoercionConfigs.class
Procedure: StdSubtypeResolver.registerSubtypes
Procedure: RootNameLookup.findRootName
Procedure: CoercionConfigs.<init>
Procedure: DeserializationConfig.getNodeFactory
Procedure: CoercionConfigs.<init>
Procedure: BaseSettings.withClassIntrospector
Procedure: ObjectMapper.registerModules
Procedure: DeserializationConfig.getConstructorDetector
Register: DatatypeFeatures.class
Module: DatatypeFeatures.class
Procedure: DefaultDeserializationContext.tryToResolveUnresolvedObjectId
Procedure: BaseSettings.withPropertyNamingStrategy
Procedure: DeserializationConfig.introspect
Procedure: ObjectMapper.findModules
Procedure: DefaultDeserializationContext.deserializerInstance
Procedure: SimpleMixInResolver.<init>
Procedure: DatatypeFeatures.defaultFeatures
Procedure: ConfigOverrides.<init>
Procedure: DeserializationConfig.introspectForCreation
Procedure: SimpleMixInResolver.addLocalDefinition
Procedure: ObjectMapper.findModules
Register: SerializationConfig.class
Module: SerializationConfig.class
Procedure: BaseSettings.getClassIntrospector
Procedure: DeserializationConfig.introspectForBuilder
Register: DefaultSerializerProvider$Impl.class
Module: DefaultSerializerProvider$Impl.class
Register: DefaultDeserializationContext$Impl.class
Module: DefaultDeserializationContext$Impl.class
Procedure: BaseSettings.getAnnotationIntrospector
Procedure: ConfigOverrides.<init>
Procedure: SimpleMixInResolver.findMixInClassFor
Procedure: BaseSettings.getPropertyNamingStrategy
Procedure: MapperConfig.<init>
Procedure: DefaultSerializerProvider$Impl.<init>
Register: SimpleModule.class
Module: SimpleModule.class
Procedure: SerializationConfig.<init>
Procedure: ObjectMapper.secureGetServiceLoader
Procedure: TypeFactory._resolveTypePlaceholders
Register: Module.class
Module: Module.class
Procedure: MapperConfig.isEnabled
Procedure: BaseSettings.getAccessorNaming
Procedure: Module.getDependencies
Procedure: ConfigOverrides.findOverride
Procedure: DefaultDeserializationContext$Impl.<init>
Procedure: CalculatorUI.createComboBox
Procedure: BaseSettings.getTypeFactory
Procedure: ObjectMapper.findAndRegisterModules
Procedure: DefaultDeserializationContext.keyDeserializerInstance
Register: ObjectMapper$1.class
Module: ObjectMapper$1.class
Procedure: MapperConfig.isAnnotationProcessingEnabled
Procedure: DefaultDeserializationContext$Impl.<init>
Procedure: ConfigOverrides.findFormatDefaults
Procedure: SimpleModule.getModuleName
Procedure: CalculatorUI.createButton
Procedure: ObjectMapper.getDeserializationConfig
Procedure: SimpleMixInResolver.hasMixIns
Procedure: MapperConfig.canOverrideAccessModifiers
Procedure: ObjectMapper.addMixIn
Procedure: SimpleModule.setupModule
Register: MismatchedInputException.class
Module: MismatchedInputException.class
Procedure: BaseSettings.getTypeResolverBuilder
Procedure: TypeFactory._verifyAndResolvePlaceholders
Procedure: DefaultDeserializationContext$Impl.<init>
Procedure: CalculatorUI.applyTheme
Procedure: ConfigOverrides.getDefaultSetterInfo
Procedure: ObjectMapper.getSubtypeResolver
Procedure: MapperConfig.shouldSortPropertiesAlphabetically
Procedure: MismatchedInputException.<init>
Procedure: BaseSettings.getHandlerInstantiator
Register: DeserializationContext.class
Module: DeserializationContext.class
Procedure: ConfigOverrides.getDefaultMergeable
Procedure: DefaultDeserializationContext$Impl.createInstance
Procedure: ObjectMapper.setPropertyNamingStrategy
Procedure: MismatchedInputException.<init>
Procedure: DefaultDeserializationContext.readRootValue
Procedure: DefaultDeserializationContext$Impl.with
Procedure: TypeFactory.findTypeParameters
Procedure: MapperConfig.getClassIntrospector
Procedure: ConfigOverrides.getDefaultVisibility
Procedure: MapperConfig.getAnnotationIntrospector
Procedure: MismatchedInputException.from
Register: ReadableObjectId.class
Module: ReadableObjectId.class
Procedure: BaseSettings.getLocale
Procedure: MismatchedInputException.from
Procedure: MapperConfig.getPropertyNamingStrategy
Procedure: ObjectMapper$1.<init>
Procedure: TypeFactory.constructType
Procedure: ObjectMapper.registerSubtypes
Register: UnresolvedForwardReference.class
Module: UnresolvedForwardReference.class
Register: ReadableObjectId$Referring.class
Module: ReadableObjectId$Referring.class
Procedure: ObjectMapper$1.addDeserializers
Register: DeserializationFeature.class
Module: DeserializationFeature.class
Procedure: TypeFactory.constructCollectionType
Procedure: MapperConfig.getAccessorNaming
Procedure: SimpleModule.version
Procedure: DefaultDeserializationContext._unwrapAndDeserialize
Procedure: ObjectMapper$1.addKeyDeserializers
Procedure: ObjectMapper.isEnabled
Procedure: MapperConfig.getHandlerInstantiator
Procedure: DeserializationFeature.getMask
Procedure: MapperConfig.getDefaultTyper
Procedure: ObjectMapper.configure
Procedure: ReadableObjectId.getKey
Procedure: ReadableObjectId$Referring.getLocation
Procedure: MapperConfig.getTypeFactory
Register: ClassUtil.class
Module: ClassUtil.class
Procedure: UnresolvedForwardReference.<init>
Procedure: ReadableObjectId.hasReferringProperties
Procedure: ObjectMapper$1.addBeanDeserializerModifier
Procedure: ReadableObjectId$Referring.getBeanType
Procedure: TypeFactory.constructParametricType
Register: BasicClassIntrospector.class
Module: BasicClassIntrospector.class
Procedure: UnresolvedForwardReference.addUnresolvedId
Procedure: ObjectMapper.readValue
Procedure: MapperConfig.constructType
Procedure: ObjectMapper$1.addSerializers
Procedure: CalculatorUI.lambda$initButtons$23
Procedure: ReadableObjectId.referringProperties
Procedure: UnresolvedForwardReference.withStackTrace
Procedure: TypeFactory._mapType
Procedure: MapperConfig.introspectClassAnnotations
Register: MapperFeature.class
Module: MapperFeature.class
Procedure: ObjectMapper._readMapAndClose
Procedure: ObjectMapper$1.addKeySerializers
Procedure: ReadableObjectId.tryToResolveUnresolved
Procedure: MapperFeature.getLongMask
Procedure: CalculatorUI.lambda$initButtons$22
Register: MapperConfigBase.class
Module: MapperConfigBase.class
Procedure: MapperConfig.introspectClassAnnotations
Procedure: TypeFactory._collectionType
Register: TreeCodec.class
Module: TreeCodec.class
Procedure: MapperFeature.enabledIn
Register: SubtypeResolver.class
Module: SubtypeResolver.class
Procedure: TreeCodec.<init>
Procedure: MapperConfig.getLocale
Register: LRUMap.class
Module: LRUMap.class
Procedure: SubtypeResolver.<init>
Procedure: ObjectMapper$1.addBeanSerializerModifier
Procedure: ObjectMapper$1.addAbstractTypeResolver
Register: VisibilityChecker$Std.class
Module: VisibilityChecker$Std.class
Procedure: ObjectMapper$1.addValueInstantiators
Register: DatatypeFeatures$DefaultHolder.class
Module: DatatypeFeatures$DefaultHolder.class
Procedure: CalculatorUI.lambda$initButtons$21
Register: MutableCoercionConfig.class
Module: MutableCoercionConfig.class
Procedure: DatatypeFeatures$DefaultHolder.getDefault
Procedure: ObjectMapper$1.registerSubtypes
Procedure: MutableCoercionConfig.<init>
Procedure: LRUMap.<init>
Procedure: TypeFactory._referenceType
Register: DefaultSerializerProvider.class
Module: DefaultSerializerProvider.class
Procedure: CalculatorUI.lambda$initButtons$20
Procedure: BasicClassIntrospector.<init>
Procedure: LRUMap.put
Procedure: DefaultSerializerProvider.<init>
Procedure: ObjectMapper$1.setMixInAnnotations
Procedure: BasicClassIntrospector.forDeserialization
Procedure: ObjectMapper.createDeserializationContext
Procedure: CalculatorUI.lambda$initButtons$19
Register: ObjectMapper$2.class
Procedure: TypeFactory._newSimpleType
Module: ObjectMapper$2.class
Register: TypeBindings.class
Module: TypeBindings.class
Procedure: LRUMap.putIfAbsent
Procedure: ObjectMapper._initForReading
Procedure: ObjectMapper$1.setNamingStrategy
Procedure: BasicClassIntrospector.forDeserializationWithBuilder
Register: ClassStack.class
Module: ClassStack.class
Procedure: CalculatorUI.lambda$initButtons$18
Procedure: LRUMap.get
Procedure: ObjectMapper._verifyNoTrailingTokens
Procedure: TypeFactory._unknownType
Procedure: ObjectMapper$2.<init>
Procedure: BasicClassIntrospector.forCreation
Register: ResolvedRecursiveType.class
Module: ResolvedRecursiveType.class
Procedure: TypeFactory._findWellKnownSimple
Procedure: CalculatorUI.lambda$initButtons$17
Procedure: ObjectMapper._findRootDeserializer
Register: ArrayType.class
Procedure: BasicClassIntrospector.forClassAnnotations
Module: ArrayType.class
Procedure: BasicClassIntrospector.collectProperties
Procedure: ResolvedRecursiveType.<init>
Procedure: ResolvedRecursiveType.setReference
Procedure: ClassStack.<init>
Procedure: BasicClassIntrospector.collectPropertiesWithBuilder
Procedure: ArrayType.<init>
Procedure: CalculatorUI.lambda$initButtons$16
Procedure: DeserializationContext.<init>
Procedure: MapperConfigBase.<init>
Procedure: TypeFactory._fromAny
Procedure: ArrayType.construct
Procedure: ResolvedRecursiveType.getSelfReferencedType
Procedure: MapperConfigBase.with
Procedure: ArrayType.construct
Procedure: ObjectMapper._assertNotNull
Procedure: DeserializationContext.<init>
Procedure: BasicClassIntrospector.constructPropertyCollector
Register: MapType.class
Module: MapType.class
Procedure: ArrayType.getContentType
Procedure: BasicClassIntrospector._findStdTypeDesc
Procedure: ArrayType.getEmptyArray
Procedure: DeserializationContext.<init>
Procedure: ClassStack.<init>
Procedure: MapperConfigBase.without
Procedure: CalculatorUI.lambda$initButtons$15
Register: DeserializerCache.class
Module: DeserializerCache.class
Procedure: ClassStack.child
Procedure: TypeFactory._applyModifiers
Procedure: DeserializationContext.getConfig
Procedure: CalculatorUI.lambda$initButtons$14
Procedure: MapType.<init>
Procedure: ClassStack.addSelfReference
Procedure: DeserializationContext.isEnabled
Register: BasicDeserializerFactory.class
Module: BasicDeserializerFactory.class
Procedure: MapperConfigBase.with
Procedure: DeserializationContext.getAnnotationIntrospector
Procedure: BasicClassIntrospector._isStdJDKCollection
Procedure: ClassStack.resolveSelfReferences
Procedure: DeserializationContext.getTypeFactory
Procedure: MapType.construct
Procedure: CalculatorUI.lambda$initButtons$13
Procedure: MapperConfigBase.getSubtypeResolver
Procedure: TypeFactory._fromClass
Procedure: BasicClassIntrospector._findStdJdkCollectionDesc
Procedure: MapperConfigBase.getActiveView
Procedure: DeserializationContext.isEnabled
Procedure: MapperConfigBase.getAttributes
Procedure: BasicClassIntrospector._resolveAnnotatedClass
Register: TypeWrappedDeserializer.class
Module: TypeWrappedDeserializer.class
Procedure: MapperConfigBase.getConfigOverride
Procedure: ClassStack.find
Procedure: TypeWrappedDeserializer.<init>
Register: InvalidDefinitionException.class
Module: InvalidDefinitionException.class
Procedure: VisibilityChecker$Std.defaultInstance
Procedure: MapperConfigBase.getDefaultPropertyFormat
Procedure: DeserializationContext.getParser
Procedure: MapperConfigBase.getDefaultPropertyIgnorals
Register: PropertyName.class
Module: PropertyName.class
Procedure: VisibilityChecker$Std.allPublicInstance
Procedure: DeserializationContext.getNodeFactory
Procedure: VisibilityChecker$Std.<init>
Register: JsonProcessingException.class
Module: JsonProcessingException.class
Procedure: InvalidDefinitionException.<init>
Procedure: DeserializationContext.findNonContextualValueDeserializer
Procedure: CalculatorUI.lambda$initButtons$12
Procedure: MapperConfigBase.getDefaultPropertyIgnorals
Procedure: VisibilityChecker$Std._with
Procedure: InvalidDefinitionException.<init>
Procedure: DeserializationContext.findRootValueDeserializer
Procedure: TypeFactory._resolveSuperClass
Procedure: CalculatorUI.lambda$initButtons$11
Procedure: InvalidDefinitionException.from
Procedure: VisibilityChecker$Std.withOverrides
Procedure: TypeFactory._resolveSuperInterfaces
Procedure: InvalidDefinitionException.from
Procedure: CalculatorUI.lambda$initButtons$10
Procedure: VisibilityChecker$Std._defaultOrOverride
Procedure: DeserializationContext.findKeyDeserializer
Register: UnresolvedId.class
Module: UnresolvedId.class
Procedure: MapperConfigBase.getDefaultPropertyInclusions
Procedure: UnresolvedId.<init>
Procedure: TypeBindings.<init>
Procedure: VisibilityChecker$Std.withGetterVisibility
Procedure: MapperConfigBase.getDefaultVisibilityChecker
Procedure: TypeFactory._fromWellKnownClass
Register: JsonMappingException.class
Module: JsonMappingException.class
Procedure: VisibilityChecker$Std.withIsGetterVisibility
Procedure: CalculatorUI.lambda$initButtons$9
Procedure: JsonProcessingException.<init>
Procedure: PropertyName.<init>
Procedure: TypeFactory._fromWellKnownInterface
Procedure: MapperConfigBase.getDefaultVisibilityChecker
Procedure: VisibilityChecker$Std.withSetterVisibility
Procedure: TypeBindings.emptyBindings
Procedure: PropertyName.<init>
Procedure: DeserializationContext.constructType
Procedure: TypeBindings.create
Procedure: PropertyName.construct
Procedure: JsonProcessingException.getLocation
Procedure: DeserializationContext.handlePrimaryContextualization
Procedure: MapperConfigBase.getDefaultSetterInfo
Procedure: PropertyName.construct
Procedure: VisibilityChecker$Std.withCreatorVisibility
Procedure: JsonMappingException.<init>
Procedure: JsonProcessingException.getOriginalMessage
Procedure: MapperConfigBase.getDefaultMergeable
Procedure: CalculatorUI.lambda$initButtons$8
Procedure: TypeFactory._fromParamType
Procedure: DeserializationContext.handleSecondaryContextualization
Procedure: JsonMappingException.withCause
Procedure: MapperConfigBase.findRootName
Procedure: VisibilityChecker$Std.withFieldVisibility
Procedure: CalculatorUI.lambda$initButtons$7
Procedure: PropertyName.internSimpleName
Procedure: JsonMappingException.prependPath
Procedure: DeserializationContext.reportWrongTokenException
Procedure: TypeBindings.create
Procedure: MapperConfigBase.findMixInClassFor
Register: JavaType.class
Module: JavaType.class
Procedure: VisibilityChecker$Std.isCreatorVisible
Procedure: PropertyName.withSimpleName
Procedure: TypeFactory._fromArrayType
Procedure: CalculatorUI.lambda$initButtons$6
Procedure: DeserializationContext.reportPropertyInputMismatch
Procedure: JsonMappingException.prependPath
Procedure: VisibilityChecker$Std.isCreatorVisible
Procedure: TypeFactory._fromVariable
Procedure: TypeBindings.create
Procedure: PropertyName.getSimpleName
Procedure: ClassUtil.findRawSuperTypes
Register: ClassIntrospector.class
Module: ClassIntrospector.class
Register: PrivateMaxEntriesMap$Builder.class
Procedure: VisibilityChecker$Std.isFieldVisible
Module: PrivateMaxEntriesMap$Builder.class
Procedure: ClassUtil.findSuperClasses
Procedure: PropertyName.hasSimpleName
Procedure: DeserializerCache.<init>
Procedure: TypeBindings.create
Procedure: DeserializationContext.reportPropertyInputMismatch
Procedure: CalculatorUI.lambda$initButtons$5
Procedure: DeserializerCache.<init>
Procedure: ClassIntrospector.<init>
Procedure: ClassUtil._addRawSuperTypes
Procedure: DeserializerCache.findValueDeserializer
Procedure: PrivateMaxEntriesMap$Builder.<init>
Procedure: TypeFactory._fromWildcard
Procedure: VisibilityChecker$Std.isFieldVisible
Register: CoercionConfig.class
Module: CoercionConfig.class
Procedure: PrivateMaxEntriesMap$Builder.initialCapacity
Procedure: DeserializerCache.findKeyDeserializer
Procedure: VisibilityChecker$Std.isGetterVisible
Procedure: DeserializationContext.reportTrailingTokens
Procedure: PrivateMaxEntriesMap$Builder.maximumCapacity
Procedure: TypeBindings.createIfNeeded
Procedure: VisibilityChecker$Std.isGetterVisible
Procedure: CoercionConfig.<init>
Procedure: DeserializationContext.reportBadTypeDefinition
Procedure: PropertyName.hasSimpleName
Procedure: JavaType.<init>
Procedure: PrivateMaxEntriesMap$Builder.concurrencyLevel
Procedure: ClassUtil.canBeABeanType
Procedure: PropertyName.isEmpty
Procedure: DeserializerCache._findCachedDeserializer
Procedure: PrivateMaxEntriesMap$Builder.build
Procedure: CalculatorUI.lambda$initButtons$4
Procedure: VisibilityChecker$Std.isIsGetterVisible
Procedure: PropertyName.equals
Procedure: DeserializationContext.reportBadPropertyDefinition
Procedure: DeserializerCache._createAndCacheValueDeserializer
Procedure: JavaType.getRawClass
Procedure: ClassUtil.isLocalType
Register: ContextAttributes.class
Module: ContextAttributes.class
Procedure: VisibilityChecker$Std.isIsGetterVisible
Procedure: TypeBindings.withUnboundVariable
Procedure: JavaType.hasRawClass
Procedure: DeserializationContext.reportBadDefinition
Register: BasicSerializerFactory.class
Module: BasicSerializerFactory.class
Procedure: CalculatorUI.lambda$initButtons$3
Procedure: JavaType.isTypeOrSubTypeOf
Procedure: VisibilityChecker$Std.isSetterVisible
Register: SerializerProvider.class
Module: SerializerProvider.class
Procedure: ContextAttributes.getEmpty
Procedure: DeserializationContext.wrongTokenException
Procedure: JavaType.isTypeOrSuperTypeOf
Procedure: TypeBindings.findBoundType
Procedure: CalculatorUI.lambda$initButtons$2
Procedure: VisibilityChecker$Std.isSetterVisible
Register: TypeBindings$AsKey.class
Module: TypeBindings$AsKey.class
Procedure: CalculatorUI.lambda$initCalculatorTypeSelector$1
Register: SimpleType.class
Module: SimpleType.class
Procedure: SerializerProvider.<init>
Procedure: JavaType.isAbstract
Procedure: TypeBindings.isEmpty
Procedure: BasicSerializerFactory.<init>
Procedure: JavaType.isThrowable
Procedure: TypeBindings.size
Register: PrivateMaxEntriesMap.class
Module: PrivateMaxEntriesMap.class
Register: TypeBase.class
Module: TypeBase.class
Procedure: ClassUtil.isProxyType
Register: LinkedNode.class
Procedure: JavaType.isEnumType
Module: LinkedNode.class
Procedure: TypeBindings$AsKey.<init>
Procedure: TypeBindings.getBoundType
Procedure: SimpleType.<init>
Procedure: JavaType.isEnumImplType
Procedure: CalculatorUI.lambda$initThemeSelector$0
Procedure: TypeBindings.getTypeParameters
Register: BasicBeanDescription.class
Procedure: JavaType.isRecordType
Module: BasicBeanDescription.class
Procedure: TypeBindings.hasUnbound
Procedure: BasicSerializerFactory.withAdditionalSerializers
Procedure: ClassUtil.isConcrete
Procedure: LinkedNode.<init>
Procedure: DeserializerCache._createAndCache2
Procedure: SimpleType.<init>
Procedure: LinkedNode.next
Procedure: JavaType.isInterface
Procedure: TypeBindings.asKey
Procedure: BasicSerializerFactory.withAdditionalKeySerializers
Procedure: ClassUtil.isBogusClass
Procedure: TypeBindings.typeParameterArray
Procedure: JavaType.isPrimitive
Register: StdTypeResolverBuilder.class
Module: StdTypeResolverBuilder.class
Procedure: TypeBase.<init>
Procedure: SimpleType.<init>
Register: JsonDeserializer.class
Module: JsonDeserializer.class
Procedure: BasicSerializerFactory.withSerializerModifier
Procedure: JavaType.containedTypeOrUnknown
Procedure: StdTypeResolverBuilder.getDefaultImpl
Procedure: TypeBase.toCanonical
Procedure: JsonDeserializer.<init>
Procedure: ClassUtil.isRecordType
Procedure: TypeBase.containedTypeCount
Register: DatabindContext.class
Procedure: DeserializerCache._createDeserializer
Module: DatabindContext.class
Procedure: TypeBase.containedType
Procedure: JavaType.getValueHandler
Procedure: ClassUtil.isObjectOrPrimitive
Procedure: TypeBase.getInterfaces
Procedure: JavaType.getTypeHandler
Procedure: ClassUtil.verifyMustOverride
Register: ContextAttributes$Impl.class
Module: ContextAttributes$Impl.class
Register: SerializerCache.class
Module: SerializerCache.class
Procedure: JavaType.hashCode
Procedure: TypeBase.findSuperType
Procedure: ContextAttributes$Impl.getEmpty
Register: BeanSerializerFactory.class
Module: BeanSerializerFactory.class
Register: DatabindException.class
Module: DatabindException.class
Register: SerializerFactoryConfig.class
Procedure: DeserializerCache._createDeserializer2
Module: SerializerFactoryConfig.class
Procedure: SerializerCache.<init>
Procedure: SerializerCache.<init>
Register: DeserializerFactoryConfig.class
Module: DeserializerFactoryConfig.class
Procedure: DatabindException.<init>
Procedure: ClassUtil.throwIfError
Register: BeanDeserializerFactory.class
Module: BeanDeserializerFactory.class
Procedure: ClassUtil.throwIfRTE
Procedure: DatabindContext.<init>
Procedure: DatabindContext.objectIdGeneratorInstance
Procedure: ClassUtil.getRootCause
Register: PrivateMaxEntriesMap$Node.class
Module: PrivateMaxEntriesMap$Node.class
Procedure: ClassUtil.throwAsIAE
Procedure: SerializerFactoryConfig.<init>
Procedure: DatabindContext.objectIdResolverInstance
Procedure: ClassUtil.unwrapAndThrowAsIAE
Procedure: ClassUtil.createInstance
Procedure: PrivateMaxEntriesMap.readBufferIndex
Register: CollectionType.class
Module: CollectionType.class
Procedure: SerializerFactoryConfig.<init>
Procedure: PrivateMaxEntriesMap.<init>
Procedure: BeanSerializerFactory.<init>
Procedure: DatabindContext.converterInstance
Procedure: DeserializerCache.findDeserializerFromAnnotation
Procedure: PrivateMaxEntriesMap$Node.<init>
Procedure: CollectionType.<init>
Procedure: BeanSerializerFactory.withConfig
Procedure: ClassUtil.findConstructor
Procedure: PrivateMaxEntriesMap.checkNotNull
Procedure: CollectionType.construct
Procedure: PrivateMaxEntriesMap.checkArgument
Procedure: DeserializerCache.findConvertingDeserializer
Procedure: PrivateMaxEntriesMap$Node.getPrevious
Procedure: PrivateMaxEntriesMap.checkState
Procedure: PrivateMaxEntriesMap.afterRead
Procedure: DeserializerCache.findConverter
Register: ReferenceType.class
Module: ReferenceType.class
Procedure: PrivateMaxEntriesMap.readBufferIndex
Procedure: DatabindContext._format
Procedure: DeserializerCache.modifyTypeByAnnotation
Register: MapLikeType.class
Module: MapLikeType.class
Procedure: PrivateMaxEntriesMap.recordRead
Procedure: DatabindContext._colonConcat
Procedure: SerializerFactoryConfig.withAdditionalSerializers
Procedure: ReferenceType.<init>
Procedure: ClassUtil.rawClass
Procedure: MapLikeType.<init>
Register: TypeBindings$TypeParamStash.class
Module: TypeBindings$TypeParamStash.class
Procedure: PrivateMaxEntriesMap.drainOnReadIfNeeded
Procedure: SerializerFactoryConfig.withAdditionalKeySerializers
Procedure: ReferenceType.construct
Procedure: MapLikeType.getKeyType
Procedure: MapLikeType.getContentType
Procedure: SerializerFactoryConfig.withSerializerModifier
Procedure: ClassUtil.nonNullString
Procedure: ReferenceType.getContentType
Register: ArrayBuilders.class
Procedure: TypeBindings$TypeParamStash.paramsFor1
Procedure: DeserializerCache._hasCustomHandlers
Module: ArrayBuilders.class
Procedure: DeserializerFactoryConfig.<init>
Procedure: ClassUtil.getClassDescription
Register: ClassKey.class
Module: ClassKey.class
Procedure: PrivateMaxEntriesMap.afterWrite
Procedure: ClassUtil.getTypeDescription
Procedure: PrivateMaxEntriesMap$Node.getNext
Register: PrivateMaxEntriesMap$WeightedValue.class
Module: PrivateMaxEntriesMap$WeightedValue.class
Procedure: DeserializerCache._verifyAsClass
Procedure: PrivateMaxEntriesMap$Node.getValue
Procedure: ClassKey.<init>
Procedure: ClassUtil.nameOf
Procedure: ArrayBuilders.insertInListNoDup
Register: PrivateMaxEntriesMap$AddTask.class
Module: PrivateMaxEntriesMap$AddTask.class
Procedure: DeserializerFactoryConfig.withAdditionalDeserializers
Procedure: PrivateMaxEntriesMap$AddTask.<init>
Procedure: PrivateMaxEntriesMap.tryToDrainBuffers
Register: PrivateMaxEntriesMap$UpdateTask.class
Module: PrivateMaxEntriesMap$UpdateTask.class
Procedure: TypeBindings$TypeParamStash.paramsFor2
Register: ResolvedType.class
Module: ResolvedType.class
Procedure: PrivateMaxEntriesMap$WeightedValue.<init>
Procedure: DeserializerCache._handleUnknownValueDeserializer
Procedure: PrivateMaxEntriesMap.drainBuffers
Procedure: ResolvedType.<init>
Procedure: PrivateMaxEntriesMap$WeightedValue.isAlive
Procedure: PrivateMaxEntriesMap.drainReadBuffers
Register: JsonMappingException$Reference.class
Module: JsonMappingException$Reference.class
Procedure: ClassUtil.nameOf
Procedure: PrivateMaxEntriesMap$UpdateTask.<init>
Register: JacksonException.class
Module: JacksonException.class
Procedure: ClassUtil.name
Procedure: PrivateMaxEntriesMap.drainReadBuffer
Procedure: JacksonException.<init>
Register: LinkedDeque.class
Module: LinkedDeque.class
Procedure: DeserializerFactoryConfig.withAdditionalKeyDeserializers
Procedure: JsonMappingException$Reference.<init>
Procedure: ClassUtil.name
Register: CollectionLikeType.class
Module: CollectionLikeType.class
Procedure: BasicBeanDescription.<init>
Procedure: ClassUtil.backticked
Register: StdDelegatingDeserializer.class
Module: StdDelegatingDeserializer.class
Procedure: ClassUtil.apostrophed
Procedure: CollectionLikeType.<init>
Procedure: PrivateMaxEntriesMap.applyRead
Register: ArrayIterator.class
Procedure: LinkedDeque.<init>
Module: ArrayIterator.class
Procedure: DeserializerCache._handleUnknownKeyDeserializer
Procedure: CollectionLikeType.getContentType
Procedure: DeserializerFactoryConfig.withDeserializerModifier
Register: InternCache.class
Module: InternCache.class
Procedure: BasicBeanDescription.<init>
Procedure: DeserializerFactoryConfig.withAbstractTypeResolver
Register: SerializerFactory.class
Procedure: BasicBeanDescription.<init>
Procedure: StdDelegatingDeserializer.<init>
Procedure: ArrayIterator.<init>
Procedure: StdDelegatingDeserializer.<init>
Procedure: PrivateMaxEntriesMap.drainWriteBuffer
Procedure: BasicBeanDescription.forDeserialization
Procedure: LinkedDeque.linkLast
Procedure: ClassUtil.exceptionMessage
Register: DeserializerFactory.class
Module: SerializerFactory.class
Procedure: DeserializerFactoryConfig.withValueInstantiators
Procedure: BasicBeanDescription.forOtherUse
Procedure: LinkedDeque.unlink
Module: DeserializerFactory.class
Procedure: SerializerFactory.<init>
Register: StdDeserializer.class
Module: StdDeserializer.class
Procedure: DeserializerFactoryConfig.hasKeyDeserializers
Procedure: PrivateMaxEntriesMap.get
Procedure: InternCache.intern
Procedure: BasicBeanDescription._properties
Register: AnnotatedClassResolver.class
Module: AnnotatedClassResolver.class
Register: BeanDeserializerBuilder.class
Module: BeanDeserializerBuilder.class
Procedure: LinkedDeque.contains
Procedure: PrivateMaxEntriesMap.put
Procedure: DeserializerFactory.<init>
Procedure: ClassUtil.wrapperType
Procedure: PrivateMaxEntriesMap.putIfAbsent
Procedure: BasicBeanDescription.addProperty
Procedure: DeserializerFactoryConfig.hasDeserializerModifiers
Procedure: LinkedDeque.moveToBack
Procedure: PrivateMaxEntriesMap.put
Register: AnnotatedMethod.class
Module: AnnotatedMethod.class
Procedure: BasicBeanDescription.hasProperty
Procedure: ClassUtil.checkAndFixAccess
Procedure: BasicBeanDescription.findProperty
Procedure: PrivateMaxEntriesMap.<init>
Register: BeanDeserializerModifier.class
Module: BeanDeserializerModifier.class
Register: ErrorThrowingDeserializer.class
Module: ErrorThrowingDeserializer.class
Procedure: StdDeserializer.<init>
Procedure: DeserializerFactoryConfig.hasAbstractTypeResolvers
Procedure: BasicBeanDescription.getClassInfo
Procedure: ErrorThrowingDeserializer.<init>
Procedure: StdDeserializer.<init>
Register: HandlerInstantiator.class
Module: HandlerInstantiator.class
Procedure: DeserializerFactoryConfig.hasValueInstantiators
Procedure: BasicBeanDescription.getObjectIdInfo
Procedure: StdDeserializer.isDefaultKeyDeserializer
Procedure: DeserializerFactoryConfig.deserializers
Register: AbstractDeserializer.class
Module: AbstractDeserializer.class
Register: EnumDeserializer.class
Module: EnumDeserializer.class
Procedure: BasicBeanDescription.findProperties
Procedure: DeserializerFactoryConfig.keyDeserializers
Procedure: BasicBeanDescription.findJsonValueAccessor
Procedure: DeserializerFactoryConfig.deserializerModifiers
Procedure: BasicBeanDescription.getIgnoredPropertyNames
Procedure: DeserializerFactoryConfig.abstractTypeResolvers
Procedure: BasicBeanDescription.getClassAnnotations
Procedure: DeserializerFactoryConfig.valueInstantiators
Procedure: ClassUtil.isEnumType
Procedure: BasicBeanDescription.findDefaultConstructor
Procedure: AnnotatedMethod.<init>
Procedure: ClassUtil.isJacksonStdImpl
Procedure: BasicBeanDescription.findAnySetterAccessor
Procedure: AnnotatedMethod.getAnnotated
Register: PrimitiveArrayDeserializers.class
Procedure: AnnotatedMethod.getName
Module: PrimitiveArrayDeserializers.class
Procedure: AbstractDeserializer.<init>
Procedure: HandlerInstantiator.valueInstantiatorInstance
Procedure: BeanDeserializerModifier.updateProperties
Procedure: AnnotatedMethod.getType
Procedure: HandlerInstantiator.objectIdGeneratorInstance
Procedure: AnnotatedMethod.getRawType
Procedure: HandlerInstantiator.resolverIdGeneratorInstance
Procedure: ClassUtil.isJacksonStdImpl
Procedure: BasicBeanDescription.findInjectables
Procedure: AnnotatedMethod.getParameterCount
Procedure: EnumDeserializer.<init>
Procedure: HandlerInstantiator.namingStrategyInstance
Procedure: BeanDeserializerModifier.updateBuilder
Procedure: AnnotatedMethod.getRawParameterType
Procedure: BasicBeanDescription.getConstructors
Procedure: HandlerInstantiator.converterInstance
Procedure: PrimitiveArrayDeserializers.<init>
Procedure: ClassUtil.isJDKClass
Procedure: BeanDeserializerModifier.modifyDeserializer
Procedure: BasicBeanDescription.getConstructorsWithMode
Register: ObjectArrayDeserializer.class
Module: ObjectArrayDeserializer.class
Procedure: BeanDeserializerModifier.modifyEnumDeserializer
Procedure: AnnotatedMethod.getParameterType
Procedure: BeanDeserializerModifier.modifyReferenceDeserializer
Procedure: EnumDeserializer.deserializerForCreator
Procedure: ClassUtil.isNonStaticInnerClass
Procedure: PrimitiveArrayDeserializers.forType
Procedure: ObjectArrayDeserializer.<init>
Procedure: BeanDeserializerModifier.modifyArrayDeserializer
Procedure: AbstractDeserializer.<init>
Procedure: BasicBeanDescription.findMethod
Procedure: AnnotatedMethod.getDeclaringClass
Procedure: ClassUtil.hasEnclosingMethod
Procedure: BasicBeanDescription.findExpectedFormat
Register: AnnotatedClass.class
Module: AnnotatedClass.class
Procedure: AnnotatedMethod.getMember
Register: MapDeserializer.class
Module: MapDeserializer.class
Procedure: BeanDeserializerModifier.modifyCollectionDeserializer
Procedure: ClassUtil.findClassAnnotations
Procedure: EnumDeserializer.deserializerForNoArgsCreator
Procedure: AnnotatedClassResolver.<init>
Procedure: BeanDeserializerModifier.modifyCollectionLikeDeserializer
Procedure: AnnotatedMethod.getFullName
Register: EnumMapDeserializer.class
Module: EnumMapDeserializer.class
Procedure: BasicBeanDescription.findDefaultViews
Procedure: ClassUtil.getClassMethods
Procedure: BeanDeserializerModifier.modifyMapDeserializer
Procedure: AbstractDeserializer.constructForNonPOJO
Procedure: EnumMapDeserializer.<init>
Procedure: BasicBeanDescription.findBackReferences
Procedure: BeanDeserializerModifier.modifyMapLikeDeserializer
Register: JavaUtilCollectionsDeserializers.class
Module: JavaUtilCollectionsDeserializers.class
Procedure: AnnotatedClassResolver.resolve
Procedure: AnnotatedMethod.getRawParameterTypes
Procedure: BeanDeserializerModifier.modifyKeyDeserializer
Procedure: BeanDeserializerFactory.<init>
Procedure: BeanDeserializerFactory.withConfig
Procedure: AnnotatedMethod.getRawReturnType
Procedure: AnnotatedClassResolver.skippableArray
Register: EnumSetDeserializer.class
Module: EnumSetDeserializer.class
Register: ArrayBlockingQueueDeserializer.class
Module: ArrayBlockingQueueDeserializer.class
Procedure: BeanDeserializerFactory.createBeanDeserializer
Procedure: AnnotatedMethod.toString
Procedure: AnnotatedClassResolver.createPrimordial
Procedure: BasicBeanDescription.getFactoryMethods
Procedure: ArrayBlockingQueueDeserializer.<init>
Procedure: AnnotatedClassResolver.createArrayType
Register: StringCollectionDeserializer.class
Module: StringCollectionDeserializer.class
Procedure: EnumSetDeserializer.<init>
Procedure: ClassUtil._failGetClassMethods
Procedure: MapDeserializer.<init>
Procedure: BasicBeanDescription.getFactoryMethodsWithMode
Procedure: StringCollectionDeserializer.<init>
Procedure: AnnotatedClassResolver.resolveFully
Register: AtomicReferenceDeserializer.class
Module: AtomicReferenceDeserializer.class
Register: CollectionDeserializer.class
Module: CollectionDeserializer.class
Procedure: MapDeserializer._isStdKeyDeser
Procedure: AtomicReferenceDeserializer.<init>
Procedure: ClassUtil.getConstructors
Procedure: StringCollectionDeserializer.<init>
Procedure: BeanDeserializerFactory.createBuilderBasedDeserializer
Procedure: AnnotatedClassResolver._addSuperTypes
Procedure: CollectionDeserializer.<init>
Procedure: BasicBeanDescription.isFactoryMethod
Register: JsonNodeDeserializer.class
Module: JsonNodeDeserializer.class
Procedure: JavaUtilCollectionsDeserializers.findForCollection
Procedure: MapDeserializer.setIgnorableProperties
Procedure: CollectionDeserializer.<init>
Register: BeanDescription.class
Module: BeanDescription.class
Procedure: BeanDeserializerFactory.findStdDeserializer
Procedure: ClassUtil.getGenericSuperclass
Procedure: BeanDeserializerBuilder.<init>
Procedure: AnnotatedClass.<init>
Procedure: JsonNodeDeserializer.getDeserializer
Procedure: ClassUtil.getGenericInterfaces
Procedure: AnnotatedClassResolver._addSuperInterfaces
Register: DefaultAccessorNamingStrategy$Provider.class
Module: DefaultAccessorNamingStrategy$Provider.class
Procedure: AnnotatedClass.<init>
Procedure: BeanDeserializerFactory._findUnsupportedTypeDeserializer
Register: JDKValueInstantiators.class
Module: JDKValueInstantiators.class
Procedure: MapDeserializer.setIncludableProperties
Procedure: BeanDeserializerBuilder.addOrReplaceProperty
Procedure: ClassUtil.getEnclosingClass
Procedure: BeanDeserializerFactory.materializeAbstractType
Procedure: AnnotatedClass.getRawType
Procedure: JavaUtilCollectionsDeserializers.findForMap
Procedure: BeanDescription.<init>
Procedure: BeanDeserializerBuilder.addProperty
Procedure: AnnotatedClass.getAnnotations
Procedure: ClassUtil._interfaces
Procedure: AnnotatedClass.getDefaultConstructor
Register: AnnotatedField.class
Module: AnnotatedField.class
Procedure: AnnotatedClassResolver._contains
Procedure: BeanDescription.getType
Procedure: AnnotatedClass.getConstructors
Procedure: BeanDeserializerFactory.buildBeanDeserializer
Register: PropertyMetadata.class
Procedure: AnnotatedClass.getFactoryMethods
Module: PropertyMetadata.class
Procedure: DefaultAccessorNamingStrategy$Provider.forPOJO
Procedure: BasicBeanDescription.findFactoryMethodMetadata
Procedure: AnnotatedClass.memberMethods
Procedure: BeanDescription.getBeanClass
Procedure: JDKValueInstantiators.findStdValueInstantiator
Procedure: JavaUtilCollectionsDeserializers.converter
Procedure: DefaultAccessorNamingStrategy$Provider.forBuilder
Procedure: AnnotatedClass.findMethod
Procedure: BeanDescription.isNonStaticInnerClass
Procedure: JavaUtilCollectionsDeserializers._findUtilArrayTypeName
Procedure: DefaultAccessorNamingStrategy$Provider.forRecord
Procedure: BasicBeanDescription.findPOJOBuilder
Procedure: JavaUtilCollectionsDeserializers._findUtilCollectionsTypeName
Procedure: AnnotatedClass.fields
Procedure: BasicBeanDescription.findPOJOBuilderConfig
Register: SettableBeanProperty.class
Module: SettableBeanProperty.class
Procedure: BeanDeserializerBuilder.addBackReferenceProperty
Register: CreatorProperty.class
Module: CreatorProperty.class
Procedure: BasicBeanDescription.findDeserializationConverter
Register: ObjectIdInfo.class
Module: ObjectIdInfo.class
Procedure: AnnotatedField.<init>
Procedure: BasicBeanDescription._createConverter
Procedure: PropertyMetadata.<init>
Procedure: AnnotatedField.getAnnotated
Procedure: AnnotatedClassResolver.resolveClassAnnotations
Procedure: BeanDeserializerBuilder.addInjectable
Procedure: AnnotatedField.getModifiers
Procedure: AnnotatedClass.isNonStaticInnerClass
Procedure: BeanDeserializerFactory.buildBuilderBasedDeserializer
Procedure: AnnotatedField.getName
Procedure: PropertyMetadata.construct
Procedure: AnnotatedField.getType
Procedure: AnnotatedClass._fields
Procedure: BeanDeserializerBuilder.addIgnorable
Procedure: AnnotatedField.getDeclaringClass
Procedure: BeanDeserializerBuilder.addIncludable
Procedure: AnnotatedField.isTransient
Procedure: AnnotatedClass._methods
Procedure: PropertyMetadata.withDescription
Procedure: AnnotatedClassResolver._addClassMixIns
Register: PropertyBasedObjectIdGenerator.class
Module: PropertyBasedObjectIdGenerator.class
Procedure: JavaUtilCollectionsDeserializers._findUtilCollectionsImmutableTypeName
Procedure: PropertyMetadata.withMergeInfo
Procedure: ObjectIdInfo.getPropertyName
Register: ObjectIdReader.class
Module: ObjectIdReader.class
Procedure: CreatorProperty.<init>
Procedure: AnnotatedClass._creators
Procedure: PropertyMetadata.withNulls
Procedure: AnnotatedClassResolver._addAnnotationsIfNotPresent
Procedure: JavaUtilCollectionsDeserializers._findSingletonTypeName
Procedure: PropertyMetadata.getIndex
Procedure: ObjectIdInfo.getScope
Procedure: PropertyMetadata.hasIndex
Procedure: CreatorProperty.construct
Procedure: JavaUtilCollectionsDeserializers._findSyncTypeName
Procedure: PropertyBasedObjectIdGenerator.<init>
Procedure: CreatorProperty.setFallbackSetter
Procedure: PropertyMetadata.getMergeInfo
Procedure: ObjectIdInfo.getGeneratorType
Register: BeanPropertyDefinition.class
Procedure: ObjectIdReader.<init>
Module: BeanPropertyDefinition.class
Procedure: ObjectIdInfo.getResolverType
Procedure: JavaUtilCollectionsDeserializers._findUnmodifiableTypeName
Register: BeanPropertyMap.class
Module: BeanPropertyMap.class
Procedure: BeanDeserializerFactory.addObjectIdReader
Procedure: ObjectIdReader.construct
Procedure: SettableBeanProperty.<init>
Register: ConstructorDetector.class
Module: ConstructorDetector.class
Register: ObjectIdValueProperty.class
Module: ObjectIdValueProperty.class
Procedure: ObjectIdReader.getDeserializer
Procedure: AnnotatedClassResolver._addFromBundleIfNotPresent
Procedure: BeanDeserializerBuilder.addCreatorProperty
Register: CreatorCollector.class
Module: CreatorCollector.class
Procedure: BeanDeserializerBuilder.setAnySetter
Procedure: ObjectIdReader.getIdType
Procedure: BeanDeserializerFactory.buildThrowableDeserializer
Procedure: BeanDeserializerBuilder.setIgnoreUnknownProperties
Procedure: SettableBeanProperty.<init>
Register: BasicDeserializerFactory$CreatorCollectionState.class
Module: BasicDeserializerFactory$CreatorCollectionState.class
Procedure: BeanDeserializerBuilder.setValueInstantiator
Procedure: BeanDeserializerBuilder.setObjectIdReader
Procedure: BeanDeserializerBuilder.setPOJOBuilder
Register: JDK14Util.class
Module: JDK14Util.class
Register: POJOPropertiesCollector.class
Module: POJOPropertiesCollector.class
Procedure: BeanDeserializerBuilder.getProperties
Procedure: BeanDeserializerBuilder.findProperty
Procedure: ObjectIdValueProperty.<init>
Procedure: BeanPropertyDefinition.<init>
Procedure: BeanDeserializerFactory.constructBeanDeserializerBuilder
Register: EnumResolver.class
Module: EnumResolver.class
Procedure: SettableBeanProperty.<init>
Procedure: BeanDeserializerFactory.addBeanProps
Procedure: BeanPropertyDefinition.getAccessor
Procedure: BeanDeserializerBuilder.getAnySetter
Procedure: BeanDeserializerBuilder.getValueInstantiator
Procedure: BeanPropertyDefinition.getMutator
Procedure: SettableBeanProperty.setManagedReferenceName
Procedure: BeanDeserializerBuilder.getInjectables
Procedure: BeanDeserializerBuilder.getObjectIdReader
Procedure: BeanPropertyDefinition.getNonConstructorMutator
Procedure: BasicDeserializerFactory.<init>
Procedure: BeanDeserializerBuilder.getBuildMethod
Procedure: SettableBeanProperty.setObjectIdInfo
Procedure: BeanDeserializerBuilder.hasIgnorable
Procedure: BasicDeserializerFactory.withAdditionalDeserializers
Procedure: BeanPropertyDefinition.findReferenceName
Procedure: SettableBeanProperty.setViews
Procedure: BeanDeserializerBuilder.build
Procedure: JDK14Util.getRecordFieldNames
Procedure: SettableBeanProperty.getName
Procedure: JDK14Util.findRecordConstructor
Register: FactoryBasedEnumDeserializer.class
Module: FactoryBasedEnumDeserializer.class
Procedure: BasicDeserializerFactory$CreatorCollectionState.<init>
Procedure: ConstructorDetector.singleArgMode
Procedure: BasicDeserializerFactory.withAdditionalKeyDeserializers
Procedure: SettableBeanProperty.getFullName
Register: StdScalarDeserializer.class
Procedure: BasicDeserializerFactory.withDeserializerModifier
Module: StdScalarDeserializer.class
Procedure: BasicDeserializerFactory$CreatorCollectionState.annotationIntrospector
Procedure: BasicDeserializerFactory.withAbstractTypeResolver
Procedure: ConstructorDetector.requireCtorAnnotation
Procedure: BasicDeserializerFactory$CreatorCollectionState.addImplicitFactoryCandidate
Procedure: BasicDeserializerFactory.withValueInstantiators
Procedure: ConstructorDetector.singleArgCreatorDefaultsToDelegating
Procedure: SettableBeanProperty.getType
Procedure: StdScalarDeserializer.<init>
Procedure: BasicDeserializerFactory.mapAbstractType
Procedure: ConstructorDetector.singleArgCreatorDefaultsToProperties
Procedure: BasicDeserializerFactory$CreatorCollectionState.increaseExplicitFactoryCount
Register: PrimitiveArrayDeserializers$ByteDeser.class
Module: PrimitiveArrayDeserializers$ByteDeser.class
Procedure: FactoryBasedEnumDeserializer.<init>
Procedure: BasicDeserializerFactory$CreatorCollectionState.hasExplicitFactories
Procedure: BeanDeserializerBuilder.buildAbstract
Procedure: ConstructorDetector.shouldIntrospectorImplicitConstructors
Register: PrimitiveArrayDeserializers$ShortDeser.class
Procedure: BasicDeserializerFactory$CreatorCollectionState.hasImplicitFactoryCandidates
Module: PrimitiveArrayDeserializers$ShortDeser.class
Procedure: BeanDeserializerBuilder.buildBuilderBased
Procedure: BeanPropertyMap.<init>
Procedure: FactoryBasedEnumDeserializer.<init>
Procedure: PrimitiveArrayDeserializers$ByteDeser.<init>
Procedure: PrimitiveArrayDeserializers$ShortDeser.<init>
Procedure: BasicDeserializerFactory._mapAbstractType2
Procedure: BasicDeserializerFactory$CreatorCollectionState.implicitFactoryCandidates
Register: PrimitiveArrayDeserializers$FloatDeser.class
Module: PrimitiveArrayDeserializers$FloatDeser.class
Procedure: BasicDeserializerFactory$CreatorCollectionState.addImplicitConstructorCandidate
Procedure: BasicDeserializerFactory.findValueInstantiator
Procedure: CreatorCollector.<init>
Register: PrimitiveArrayDeserializers$DoubleDeser.class
Module: PrimitiveArrayDeserializers$DoubleDeser.class
Procedure: PrimitiveArrayDeserializers$FloatDeser.<init>
Procedure: BasicDeserializerFactory$CreatorCollectionState.increaseExplicitConstructorCount
Register: PrimitiveArrayDeserializers$CharDeser.class
Module: PrimitiveArrayDeserializers$CharDeser.class
Register: PrimitiveArrayDeserializers$BooleanDeser.class
Module: PrimitiveArrayDeserializers$BooleanDeser.class
Procedure: CreatorCollector.constructValueInstantiator
Register: ContainerDeserializerBase.class
Module: ContainerDeserializerBase.class
Procedure: BasicDeserializerFactory$CreatorCollectionState.hasExplicitConstructors
Procedure: PrimitiveArrayDeserializers$DoubleDeser.<init>
Procedure: BeanDeserializerFactory._isSetterlessType
Procedure: PrimitiveArrayDeserializers$BooleanDeser.<init>
Procedure: BasicDeserializerFactory$CreatorCollectionState.hasImplicitConstructorCandidates
Procedure: BeanPropertyMap.<init>
Procedure: ContainerDeserializerBase.<init>
Procedure: BasicDeserializerFactory$CreatorCollectionState.implicitConstructorCandidates
Procedure: PrimitiveArrayDeserializers$CharDeser.<init>
Procedure: BeanDeserializerBuilder.createBuilderBasedDeserializer
Procedure: EnumResolver.<init>
Procedure: BeanDeserializerFactory.filterBeanProps
Procedure: BeanDeserializerBuilder._fixAccess
Procedure: BasicDeserializerFactory._constructDefaultValueInstantiator
Register: BasicDeserializerFactory$ContainerDefaultMappings.class
Module: BasicDeserializerFactory$ContainerDefaultMappings.class
Procedure: EnumResolver.constructFor
Procedure: ContainerDeserializerBase.<init>
Procedure: CreatorCollector.setDefaultCreator
Register: ReferenceTypeDeserializer.class
Module: ReferenceTypeDeserializer.class
Register: IgnorePropertiesUtil.class
Module: IgnorePropertiesUtil.class
Procedure: BeanPropertyMap.<init>
Procedure: ReferenceTypeDeserializer.<init>
Procedure: CreatorCollector.addStringCreator
Register: JsonNodeDeserializer$ArrayDeserializer.class
Module: JsonNodeDeserializer$ArrayDeserializer.class
Procedure: BeanDeserializerFactory.addBackReferenceProperties
Procedure: IgnorePropertiesUtil.shouldIgnore
Procedure: EnumResolver._constructFor
Register: SimpleBeanPropertyDefinition.class
Procedure: BasicDeserializerFactory$ContainerDefaultMappings.findCollectionFallback
Module: SimpleBeanPropertyDefinition.class
Procedure: BasicDeserializerFactory$ContainerDefaultMappings.findMapFallback
Procedure: BeanDeserializerFactory.addInjectables
Procedure: JsonNodeDeserializer$ArrayDeserializer.getInstance
Procedure: BeanDeserializerBuilder._collectAliases
Procedure: CreatorCollector.addIntCreator
Procedure: IgnorePropertiesUtil.buildCheckerIfNeeded
Procedure: CreatorCollector.addLongCreator
Procedure: EnumResolver.constructUsingMethod
Procedure: BeanDeserializerFactory.constructAnySetter
Procedure: CreatorCollector.addBigIntegerCreator
Procedure: EnumResolver._constructUsingMethod
Procedure: CreatorCollector.addDoubleCreator
Register: ThrowableDeserializer.class
Module: ThrowableDeserializer.class
Register: JsonNodeDeserializer$ObjectDeserializer.class
Module: JsonNodeDeserializer$ObjectDeserializer.class
Procedure: BeanPropertyMap.init
Procedure: BeanDeserializerBuilder._findCaseInsensitivity
Procedure: BasicDeserializerFactory._findCreatorsFromProperties
Procedure: JsonNodeDeserializer$ObjectDeserializer.getInstance
Procedure: BeanDeserializerBuilder._handleBadAccess
Register: UnsupportedTypeDeserializer.class
Module: UnsupportedTypeDeserializer.class
Register: BeanUtil.class
Module: BeanUtil.class
Register: SubTypeValidator.class
Module: SubTypeValidator.class
Procedure: UnsupportedTypeDeserializer.<init>
Procedure: EnumResolver.constructLookup
Procedure: SimpleBeanPropertyDefinition.<init>
Procedure: CreatorCollector.addBigDecimalCreator
Procedure: BeanPropertyMap.findSize
Register: Annotated.class
Module: Annotated.class
Procedure: EnumResolver._enumClass
Procedure: CreatorCollector.addBooleanCreator
Procedure: Annotated.<init>
Procedure: BasicDeserializerFactory._valueInstantiatorInstance
Procedure: ThrowableDeserializer.<init>
Procedure: CreatorCollector.addDelegatingCreator
Procedure: SimpleBeanPropertyDefinition.construct
Procedure: BeanUtil.checkUnsupportedType
Procedure: SubTypeValidator.instance
Register: AnnotationCollector.class
Module: AnnotationCollector.class
Procedure: EnumResolver._enumConstants
Procedure: BeanPropertyMap.construct
Procedure: SimpleBeanPropertyDefinition.construct
Procedure: SubTypeValidator.validateSubType
Procedure: ThrowableDeserializer.construct
Register: DefaultAccessorNamingStrategy$RecordNaming.class
Module: DefaultAccessorNamingStrategy$RecordNaming.class
Procedure: BeanDeserializerFactory.constructSettableProperty
Procedure: AnnotationCollector.emptyAnnotations
Procedure: CreatorCollector.addPropertyCreator
Procedure: DefaultAccessorNamingStrategy$RecordNaming.<init>
Procedure: BasicDeserializerFactory._addRecordConstructor
Procedure: BeanPropertyMap.withProperty
Procedure: BeanUtil.isJava8TimeClass
Procedure: AnnotationCollector.emptyCollector
Register: DefaultAccessorNamingStrategy.class
Module: DefaultAccessorNamingStrategy.class
Procedure: EnumResolver._enumDefault
Register: JsonLocationInstantiator.class
Procedure: BeanPropertyMap.assignIndexes
Procedure: DefaultAccessorNamingStrategy.<init>
Module: JsonLocationInstantiator.class
Procedure: BeanUtil.isJodaTimeClass
Register: JDKValueInstantiators$ConstantValueInstantiator.class
Module: JDKValueInstantiators$ConstantValueInstantiator.class
Procedure: BasicDeserializerFactory._addExplicitConstructorCreators
Register: SettableAnyProperty.class
Module: SettableAnyProperty.class
Procedure: BeanDeserializerFactory.constructSetterlessProperty
Register: AnnotationIntrospector$ReferenceProperty.class
Module: AnnotationIntrospector$ReferenceProperty.class
Procedure: CreatorCollector.hasDefaultCreator
Procedure: EnumResolver._isIntType
Procedure: JsonLocationInstantiator.<init>
Procedure: BeanPropertyMap.getPropertyName
Procedure: JDKValueInstantiators$ConstantValueInstantiator.<init>
Procedure: CreatorCollector.hasDelegatingCreator
Procedure: BeanPropertyMap._findFromOrdered
Procedure: EnumResolver.getDefaultValue
Procedure: BeanDeserializerFactory.isPotentialBeanType
Procedure: AnnotationIntrospector$ReferenceProperty.getName
Register: BeanProperty$Std.class
Module: BeanProperty$Std.class
Procedure: EnumResolver.getRawEnums
Procedure: AnnotationIntrospector$ReferenceProperty.isManagedReference
Procedure: CreatorCollector.hasPropertyBasedCreator
Procedure: EnumResolver.getEnumClass
Procedure: BeanPropertyMap._hashCode
Procedure: AnnotationIntrospector$ReferenceProperty.isBackReference
Register: SetterlessProperty.class
Module: SetterlessProperty.class
Procedure: BeanDeserializerFactory.isIgnorableType
Register: FieldProperty.class
Procedure: CreatorCollector._computeDelegateType
Module: FieldProperty.class
Procedure: EnumResolver.isFromIntValue
Procedure: BeanPropertyMap._buildAliasMapping
Register: MethodProperty.class
Module: MethodProperty.class
Procedure: BasicDeserializerFactory._addImplicitConstructorCreators
Procedure: FieldProperty.<init>
Procedure: SettableAnyProperty.<init>
Procedure: MethodProperty.<init>
Procedure: BeanProperty$Std.<init>
Procedure: BeanDeserializerFactory._validateSubType
Register: AnnotatedMember.class
Module: AnnotatedMember.class
Procedure: SettableAnyProperty.constructForMethod
Register: ValueInjector.class
Module: ValueInjector.class
Register: ViewMatcher.class
Module: ViewMatcher.class
Procedure: SettableAnyProperty.constructForMapField
Procedure: ValueInjector.<init>
Procedure: SettableAnyProperty.constructForJsonNodeField
Procedure: SetterlessProperty.<init>
Register: AnnotatedMethodMap.class
Module: AnnotatedMethodMap.class
Procedure: AnnotatedMember.<init>
Procedure: SettableAnyProperty.fixAccess
Procedure: ViewMatcher.<init>
Procedure: ViewMatcher.construct
Procedure: BeanProperty$Std.getWrapperName
Procedure: AnnotatedMethodMap.<init>
Procedure: AnnotatedMember.getFullName
Register: ConfigOverride.class
Module: ConfigOverride.class
Procedure: AnnotatedMember.getAllAnnotations
Procedure: AnnotatedMethodMap.<init>
Procedure: CreatorCollector._fixAccess
Procedure: AnnotatedMember.fixAccess
Procedure: AnnotatedMethodMap.find
Register: AnnotatedConstructor.class
Procedure: CreatorCollector.verifyNonDup
Register: AnnotatedParameter.class
Module: AnnotatedConstructor.class
Module: AnnotatedParameter.class
Register: CreatorCandidate.class
Module: CreatorCandidate.class
Procedure: ConfigOverride.getFormat
Register: StdValueInstantiator.class
Module: StdValueInstantiator.class
Procedure: ConfigOverride.getIgnorals
Procedure: BasicDeserializerFactory._addExplicitFactoryCreators
Register: BuilderBasedDeserializer.class
Module: BuilderBasedDeserializer.class
Register: AnnotatedWithParams.class
Module: AnnotatedWithParams.class
Procedure: ConfigOverride.getIsIgnoredType
Register: POJOPropertyBuilder.class
Module: POJOPropertyBuilder.class
Procedure: AnnotatedConstructor.<init>
Procedure: ConfigOverride.getSetterInfo
Procedure: ConfigOverride.getVisibility
Procedure: AnnotatedConstructor.getAnnotated
Procedure: BuilderBasedDeserializer.<init>
Procedure: AnnotatedConstructor.getParameterCount
Procedure: ConfigOverride.getMergeable
Procedure: AnnotatedConstructor.getRawParameterType
Procedure: AnnotatedParameter.<init>
Register: CompactStringObjectMap.class
Module: CompactStringObjectMap.class
Procedure: CreatorCollector._reportDuplicateCreator
Register: NullsConstantProvider.class
Module: NullsConstantProvider.class
Procedure: AnnotatedParameter.getType
Procedure: CreatorCollector._isEnumValueOf
Register: JDK14Util$CreatorLocator.class
Module: JDK14Util$CreatorLocator.class
Register: IgnorePropertiesUtil$Checker.class
Module: IgnorePropertiesUtil$Checker.class
Procedure: AnnotatedWithParams.<init>
Procedure: StdValueInstantiator.<init>
Procedure: CompactStringObjectMap.<init>
Register: JavaUtilCollectionsDeserializers$JavaUtilCollectionsConverter.class
Module: JavaUtilCollectionsDeserializers$JavaUtilCollectionsConverter.class
Procedure: CompactStringObjectMap.construct
Procedure: StdValueInstantiator.configureFromObjectSettings
Procedure: BasicDeserializerFactory._addImplicitFactoryCreators
Procedure: AnnotatedWithParams.getParameterAnnotations
Procedure: AnnotatedParameter.getOwner
Procedure: StdValueInstantiator.configureFromArraySettings
Procedure: AnnotatedParameter.getIndex
Procedure: IgnorePropertiesUtil$Checker.<init>
Procedure: AnnotatedWithParams.getParameter
Register: BeanDeserializer.class
Module: BeanDeserializer.class
Procedure: StdValueInstantiator.configureFromStringCreator
Procedure: JavaUtilCollectionsDeserializers$JavaUtilCollectionsConverter.<init>
Procedure: NullsConstantProvider.isSkipper
Register: UntypedObjectDeserializer.class
Procedure: IgnorePropertiesUtil$Checker.construct
Register: NumberDeserializers.class
Module: NumberDeserializers.class
Procedure: POJOPropertiesCollector.<init>
Procedure: CompactStringObjectMap.findSize
Module: UntypedObjectDeserializer.class
Procedure: StdValueInstantiator.configureFromIntCreator
Register: MapEntryDeserializer.class
Module: MapEntryDeserializer.class
Procedure: StdValueInstantiator.configureFromLongCreator
Procedure: BeanDeserializer.<init>
Procedure: POJOPropertiesCollector.getConfig
Register: DateDeserializers.class
Module: DateDeserializers.class
Procedure: POJOPropertiesCollector.getType
Procedure: StdValueInstantiator.configureFromBigIntegerCreator
Procedure: BeanDeserializer.<init>
Register: TokenBufferDeserializer.class
Module: TokenBufferDeserializer.class
Procedure: StdValueInstantiator.configureFromDoubleCreator
Procedure: POJOPropertiesCollector.getClassDef
Procedure: UntypedObjectDeserializer.<init>
Procedure: JDK14Util$CreatorLocator.<init>
Procedure: DateDeserializers.find
Procedure: MapEntryDeserializer.<init>
Procedure: POJOPropertiesCollector.getProperties
Procedure: StdValueInstantiator.configureFromBigDecimalCreator
Register: JdkDeserializers.class
Module: JdkDeserializers.class
Procedure: POJOPropertiesCollector.getInjectables
Procedure: StdValueInstantiator.configureFromBooleanCreator
Register: AccessorNamingStrategy.class
Module: AccessorNamingStrategy.class
Register: ValueInstantiator$Base.class
Module: ValueInstantiator$Base.class
Procedure: JdkDeserializers.find
Register: SettableAnyProperty$JsonNodeFieldAnyProperty.class
Module: SettableAnyProperty$JsonNodeFieldAnyProperty.class
Procedure: NumberDeserializers.find
Procedure: POJOPropertiesCollector.getJsonValueAccessor
Register: AnnotationIntrospector.class
Module: AnnotationIntrospector.class
Procedure: AccessorNamingStrategy.<init>
Procedure: TokenBufferDeserializer.<init>
Register: SettableAnyProperty$MapFieldAnyProperty.class
Module: SettableAnyProperty$MapFieldAnyProperty.class
Procedure: SettableAnyProperty$JsonNodeFieldAnyProperty.<init>
Procedure: CreatorCandidate.<init>
Register: SettableAnyProperty$MethodAnyProperty.class
Module: SettableAnyProperty$MethodAnyProperty.class
Procedure: POJOPropertiesCollector.getAnySetterField
Procedure: ValueInstantiator$Base.<init>
Procedure: SettableAnyProperty$MethodAnyProperty.<init>
Procedure: SettableAnyProperty$MapFieldAnyProperty.<init>
Register: ViewMatcher$Single.class
Module: ViewMatcher$Single.class
Procedure: CreatorCandidate.construct
Register: ViewMatcher$Multi.class
Module: ViewMatcher$Multi.class
Procedure: BasicDeserializerFactory._addExplicitDelegatingCreator
Register: MemberKey.class
Register: AnnotatedMethodCollector.class
Procedure: ViewMatcher$Multi.<init>
Module: MemberKey.class
Module: AnnotatedMethodCollector.class
Register: BeanDeserializerBase.class
Module: BeanDeserializerBase.class
Procedure: AnnotationIntrospector.nopInstance
Procedure: JDK14Util$CreatorLocator.locate
Register: CreatorCandidate$Param.class
Register: ConcreteBeanPropertyBase.class
Procedure: POJOPropertiesCollector.getAnySetterMethod
Module: CreatorCandidate$Param.class
Module: ConcreteBeanPropertyBase.class
Procedure: ViewMatcher$Single.<init>
Procedure: CreatorCandidate$Param.<init>
Procedure: BasicDeserializerFactory._addExplicitPropertyCreator
Register: ValueInstantiator.class
Register: JDK14Util$RecordAccessor.class
Module: JDK14Util$RecordAccessor.class
Module: ValueInstantiator.class
Procedure: ConcreteBeanPropertyBase.<init>
Procedure: CreatorCandidate.creator
Register: PlaceholderForType.class
Module: PlaceholderForType.class
Procedure: ValueInstantiator.<init>
Procedure: CreatorCandidate.paramCount
Procedure: BasicDeserializerFactory._addExplicitAnyCreator
Register: AnnotatedCreatorCollector.class
Module: AnnotatedCreatorCollector.class
Procedure: CreatorCandidate.injection
Register: OptionalHandlerFactory.class
Module: OptionalHandlerFactory.class
Register: DateDeserializers$CalendarDeserializer.class
Module: DateDeserializers$CalendarDeserializer.class
Procedure: PlaceholderForType.<init>
Procedure: BeanDeserializerBase.<init>
Procedure: POJOPropertiesCollector.getIgnoredPropertyNames
Procedure: PlaceholderForType.actualType
Procedure: DateDeserializers$CalendarDeserializer.<init>
Procedure: POJOPropertiesCollector.getObjectIdInfo
Procedure: CreatorCandidate.parameter
Procedure: MemberKey.<init>
Procedure: PlaceholderForType.actualType
Procedure: JDK14Util$RecordAccessor.instance
Procedure: CreatorCandidate.propertyDef
Procedure: CreatorCandidate.paramName
Register: FromStringDeserializer.class
Module: FromStringDeserializer.class
Procedure: POJOPropertiesCollector.getPropertyMap
Procedure: DateDeserializers$CalendarDeserializer.<init>
Procedure: JDK14Util$RecordAccessor.getRecordFieldNames
Procedure: MemberKey.<init>
Procedure: BeanDeserializerBase.<init>
Procedure: POJOPropertiesCollector.collectAll
Procedure: CreatorCandidate.explicitParamName
Procedure: MemberKey.<init>
Procedure: BasicDeserializerFactory._checkIfCreatorPropertyBased
Register: UUIDDeserializer.class
Procedure: FromStringDeserializer.<init>
Module: UUIDDeserializer.class
Procedure: FromStringDeserializer.findDeserializer
Procedure: MemberKey.getName
Procedure: CreatorCandidate.findImplicitParamName
Procedure: POJOPropertiesCollector._addFields
Procedure: MemberKey.argCount
Procedure: UUIDDeserializer.<init>
Procedure: JDK14Util$RecordAccessor.getRecordFields
Procedure: CreatorCandidate.findOnlyParamWithoutInjection
Procedure: MemberKey.equals
Register: StackTraceElementDeserializer.class
Module: StackTraceElementDeserializer.class
Procedure: BasicDeserializerFactory._checkImplicitlyNamedConstructors
Procedure: OptionalHandlerFactory.findDeserializer
Register: AtomicLongDeserializer.class
Module: AtomicLongDeserializer.class
Register: ByteBufferDeserializer.class
Module: ByteBufferDeserializer.class
Procedure: AtomicLongDeserializer.<init>
Procedure: AnnotatedMethodCollector.<init>
Procedure: StackTraceElementDeserializer.<init>
Procedure: ByteBufferDeserializer.<init>
Procedure: StackTraceElementDeserializer.<init>
Register: JDK14Util$RawTypeName.class
Module: JDK14Util$RawTypeName.class
Procedure: StackTraceElementDeserializer.construct
Procedure: AnnotatedMethodCollector.collectMethods
Register: AtomicBooleanDeserializer.class
Module: AtomicBooleanDeserializer.class
Procedure: JDK14Util$RecordAccessor.recordComponents
Register: AtomicIntegerDeserializer.class
Module: AtomicIntegerDeserializer.class
Procedure: AtomicBooleanDeserializer.<init>
Procedure: AnnotatedMethodCollector.collect
Procedure: JDK14Util$RawTypeName.<init>
Procedure: AtomicIntegerDeserializer.<init>
Register: DateDeserializers$DateBasedDeserializer.class
Module: DateDeserializers$DateBasedDeserializer.class
Procedure: POJOPropertiesCollector._addCreators
Register: FromStringDeserializer$Std.class
Module: FromStringDeserializer$Std.class
Register: StdKeyDeserializers.class
Register: Java7HandlersImpl.class
Module: Java7HandlersImpl.class
Procedure: BasicDeserializerFactory._handleSingleArgumentCreator
Register: FromStringDeserializer$StringBuilderDeserializer.class
Register: FromStringDeserializer$StringBufferDeserializer.class
Module: FromStringDeserializer$StringBuilderDeserializer.class
Module: FromStringDeserializer$StringBufferDeserializer.class
Procedure: Java7HandlersImpl.getDeserializerForJavaNioFilePath
Module: StdKeyDeserializers.class
Procedure: DateDeserializers$DateBasedDeserializer.<init>
Procedure: FromStringDeserializer$StringBuilderDeserializer.<init>
Procedure: FromStringDeserializer$StringBufferDeserializer.<init>
Procedure: OptionalHandlerFactory._IsXOfY
Procedure: POJOPropertiesCollector._addCreatorParam
Procedure: FromStringDeserializer$Std.<init>
Register: CollectorBase.class
Module: CollectorBase.class
Register: AnnotatedMethodCollector$MethodBuilder.class
Module: AnnotatedMethodCollector$MethodBuilder.class
Procedure: OptionalHandlerFactory.instantiate
Procedure: POJOPropertiesCollector._addMethods
Register: AnnotatedClass$Creators.class
Module: AnnotatedClass$Creators.class
Procedure: AnnotatedMethodCollector$MethodBuilder.<init>
Procedure: BasicDeserializerFactory._validateNamedPropertyParameter
Procedure: OptionalHandlerFactory.instantiate
Procedure: AnnotatedMethodCollector$MethodBuilder.build
Procedure: BasicDeserializerFactory._reportUnwrappedCreatorProperty
Procedure: AnnotatedClass$Creators.<init>
Procedure: POJOPropertiesCollector._addGetterMethod
Procedure: AnnotatedCreatorCollector.<init>
Register: NativeImageUtil.class
Module: NativeImageUtil.class
Register: TypeResolutionContext$Basic.class
Module: TypeResolutionContext$Basic.class
Procedure: AnnotatedMethodCollector._addMemberMethods
Procedure: OptionalHandlerFactory.hasSuperClassStartingWith
Procedure: BasicDeserializerFactory.constructCreatorProperty
Register: POJOPropertyBuilder$Linked.class
Module: POJOPropertyBuilder$Linked.class
Procedure: AnnotatedCreatorCollector.collectCreators
Register: AnnotationMap.class
Module: AnnotationMap.class
Procedure: TypeResolutionContext$Basic.<init>
Register: NioPathDeserializer.class
Procedure: StdKeyDeserializers.constructEnumKeyDeserializer
Module: NioPathDeserializer.class
Procedure: NativeImageUtil.isRunningInNativeImage
Procedure: StdKeyDeserializers.constructEnumKeyDeserializer
Register: ClassUtil$Ctor.class
Procedure: AnnotationMap.<init>
Module: ClassUtil$Ctor.class
Procedure: StdKeyDeserializers.constructDelegatingKeyDeserializer
Procedure: POJOPropertiesCollector._addSetterMethod
Procedure: NativeImageUtil.isUnsupportedFeatureError
Procedure: AnnotatedCreatorCollector.collect
Procedure: NioPathDeserializer.<init>
Procedure: AnnotationMap.<init>
Procedure: BasicDeserializerFactory._findParamName
Procedure: StdKeyDeserializers.findStringBasedKeyDeserializer
Register: MethodGenericTypeResolver.class
Module: MethodGenericTypeResolver.class
Register: AnnotatedFieldCollector.class
Module: AnnotatedFieldCollector.class
Procedure: BasicDeserializerFactory._getSetterInfo
Procedure: CollectorBase.<init>
Procedure: AnnotatedMethodCollector._addMethodMixIns
Procedure: AnnotatedCreatorCollector._findPotentialConstructors
Procedure: POJOPropertyBuilder$Linked.<init>
Procedure: ClassUtil$Ctor.<init>
Procedure: CollectorBase.collectAnnotations
Procedure: AnnotationMap.merge
Procedure: StdKeyDeserializers._constructCreatorKeyDeserializer
Procedure: CollectorBase.collectAnnotations
Procedure: POJOPropertyBuilder$Linked.withoutNext
Procedure: POJOPropertiesCollector._addInjectables
Procedure: ClassUtil$Ctor.getConstructor
Procedure: AnnotatedMethodCollector._isIncludableMemberMethod
Procedure: POJOPropertyBuilder$Linked.withValue
Register: POJOPropertyBuilder$5.class
Module: POJOPropertyBuilder$5.class
Procedure: CollectorBase.collectFromBundle
Procedure: ClassUtil$Ctor.getParamCount
Procedure: POJOPropertyBuilder$5.<init>
Procedure: POJOPropertyBuilder$Linked.withNext
Procedure: BasicDeserializerFactory.createArrayDeserializer
Procedure: StdKeyDeserializers._findStringConstructor
Procedure: ClassUtil$Ctor.getDeclaringClass
Procedure: POJOPropertiesCollector._doAddInjectable
Procedure: AnnotatedCreatorCollector._findPotentialFactories
Procedure: POJOPropertyBuilder$Linked.withoutIgnored
Procedure: CollectorBase.collectDefaultAnnotations
Procedure: StdKeyDeserializers._findExplicitStringFactoryMethod
Procedure: MethodGenericTypeResolver.narrowMethodTypeParameters
Procedure: ClassUtil$Ctor.getDeclaredAnnotations
Procedure: BasicDeserializerFactory.createCollectionDeserializer
Procedure: AnnotatedFieldCollector.<init>
Register: PropertyMetadata$MergeInfo.class
Module: PropertyMetadata$MergeInfo.class
Procedure: POJOPropertyBuilder$Linked.withoutNonVisible
Procedure: MethodGenericTypeResolver.bindMethodTypeParameters
Procedure: CollectorBase.collectDefaultFromBundle
Procedure: POJOPropertiesCollector._propNameFromSimple
Procedure: ClassUtil$Ctor.getParameterAnnotations
Register: StdKeyDeserializer$DelegatingKD.class
Module: StdKeyDeserializer$DelegatingKD.class
Procedure: AnnotatedFieldCollector.collectFields
Procedure: POJOPropertyBuilder$Linked.append
Procedure: POJOPropertiesCollector._checkRenameByField
Procedure: StdKeyDeserializer$DelegatingKD.<init>
Register: StdKeyDeserializer$EnumKD.class
Module: StdKeyDeserializer$EnumKD.class
Procedure: AnnotatedFieldCollector.collect
Procedure: PropertyMetadata$MergeInfo.<init>
Procedure: POJOPropertyBuilder$Linked.trimByVisibility
Procedure: CollectorBase._ignorableAnnotation
Procedure: POJOPropertiesCollector._removeUnwantedProperties
Procedure: StdKeyDeserializer$EnumKD.<init>
Procedure: AnnotatedCreatorCollector._isIncludableFactoryMethod
Procedure: MethodGenericTypeResolver.maybeGetTypeVariable
Register: StdKeyDeserializer$StringFactoryKeyDeserializer.class
Module: StdKeyDeserializer$StringFactoryKeyDeserializer.class
Procedure: PropertyMetadata$MergeInfo.createForDefaults
Procedure: AnnotatedFieldCollector._findFields
Procedure: BasicDeserializerFactory._mapAbstractCollectionType
Procedure: CollectorBase._emptyAnnotationMap
Procedure: StdKeyDeserializer$StringFactoryKeyDeserializer.<init>
Procedure: CollectorBase._emptyAnnotationMaps
Register: KeyDeserializer.class
Module: KeyDeserializer.class
Procedure: AnnotatedCreatorCollector.constructDefaultConstructor
Register: StdKeyDeserializer$StringCtorKeyDeserializer.class
Module: StdKeyDeserializer$StringCtorKeyDeserializer.class
Procedure: MethodGenericTypeResolver.maybeGetParameterizedType
Procedure: POJOPropertiesCollector._removeUnwantedAccessor
Procedure: PropertyMetadata$MergeInfo.createForTypeOverride
Register: StdKeyDeserializer.class
Module: StdKeyDeserializer.class
Procedure: KeyDeserializer.<init>
Procedure: AnnotatedCreatorCollector.constructNonDefaultConstructor
Procedure: AnnotatedFieldCollector._addFieldMixIns
Procedure: StdKeyDeserializer$StringCtorKeyDeserializer.<init>
Procedure: PropertyMetadata$MergeInfo.createForPropertyOverride
Register: AnnotatedAndMetadata.class
Module: AnnotatedAndMetadata.class
Procedure: StdKeyDeserializer.<init>
Procedure: BasicDeserializerFactory.createCollectionLikeDeserializer
Procedure: POJOPropertiesCollector._collectIgnorals
Procedure: MethodGenericTypeResolver.pessimisticallyValidateBounds
Register: AnnotatedFieldCollector$FieldBuilder.class
Module: AnnotatedFieldCollector$FieldBuilder.class
Procedure: AnnotatedAndMetadata.<init>
Procedure: StdKeyDeserializer.<init>
Procedure: AnnotatedFieldCollector._isIncludableField
Procedure: POJOPropertiesCollector._renameProperties
Procedure: AnnotatedFieldCollector$FieldBuilder.<init>
Procedure: BasicDeserializerFactory.createMapDeserializer
Procedure: MethodGenericTypeResolver.pessimisticallyValidateBound
Procedure: AnnotatedCreatorCollector.constructFactoryCreator
Procedure: AnnotatedAndMetadata.of
Procedure: AnnotatedFieldCollector$FieldBuilder.build
Procedure: AnnotatedCreatorCollector.collectAnnotations
Procedure: MethodGenericTypeResolver.findByName
Procedure: POJOPropertiesCollector._renameUsing
Procedure: AnnotatedCreatorCollector.collectAnnotations
Procedure: BasicDeserializerFactory._mapAbstractMapType
Procedure: AnnotatedCreatorCollector.collectAnnotations
Procedure: BasicDeserializerFactory.createMapLikeDeserializer
Procedure: AnnotatedCreatorCollector.isIncludableConstructor
Procedure: BasicDeserializerFactory.createEnumDeserializer
Procedure: POJOPropertiesCollector._renameWithWrappers
Procedure: BasicDeserializerFactory.createTreeDeserializer
Procedure: POJOPropertiesCollector._sortProperties
Procedure: BasicDeserializerFactory.createReferenceDeserializer
Procedure: BasicDeserializerFactory.findTypeDeserializer
Procedure: BasicDeserializerFactory.findOptionalStdDeserializer
Procedure: BasicDeserializerFactory.createKeyDeserializer
Procedure: POJOPropertiesCollector._anyIndexed
Procedure: BasicDeserializerFactory._createEnumKeyDeserializer
Procedure: POJOPropertiesCollector._resolveFieldVsGetter
Procedure: POJOPropertiesCollector.reportProblem
Procedure: BasicDeserializerFactory.findPropertyTypeDeserializer
Procedure: BasicDeserializerFactory.findPropertyContentTypeDeserializer
Procedure: POJOPropertiesCollector._property
Procedure: BasicDeserializerFactory.findDefaultDeserializer
Procedure: POJOPropertiesCollector._property
Procedure: POJOPropertiesCollector._findNamingStrategy
Procedure: POJOPropertyBuilder.<init>
Procedure: POJOPropertiesCollector._replaceCreatorProperty
Procedure: BasicDeserializerFactory._findRemappedType
Procedure: POJOPropertyBuilder.<init>
Procedure: BasicDeserializerFactory._findCustomTreeNodeDeserializer
Procedure: POJOPropertyBuilder.<init>
Procedure: BasicDeserializerFactory._findCustomReferenceDeserializer
Procedure: POJOPropertyBuilder.withName
Procedure: POJOPropertyBuilder.withSimpleName
Procedure: BasicDeserializerFactory._findCustomBeanDeserializer
Procedure: POJOPropertyBuilder.getName
Procedure: BasicDeserializerFactory._findCustomArrayDeserializer
Procedure: POJOPropertyBuilder.getFullName
Procedure: POJOPropertyBuilder.getInternalName
Procedure: POJOPropertyBuilder.isExplicitlyNamed
Procedure: BasicDeserializerFactory._findCustomCollectionDeserializer
Procedure: POJOPropertyBuilder.getMetadata
Procedure: BasicDeserializerFactory._findCustomCollectionLikeDeserializer
Procedure: BasicDeserializerFactory._findCustomEnumDeserializer
Procedure: POJOPropertyBuilder._getSetterInfo
Procedure: BasicDeserializerFactory._findCustomMapDeserializer
Procedure: BasicDeserializerFactory._findCustomMapLikeDeserializer
Procedure: POJOPropertyBuilder.hasGetter
Procedure: BasicDeserializerFactory.findDeserializerFromAnnotation
Procedure: POJOPropertyBuilder.hasSetter
Procedure: BasicDeserializerFactory.findKeyDeserializerFromAnnotation
Procedure: POJOPropertyBuilder.hasField
Procedure: BasicDeserializerFactory.findContentDeserializerFromAnnotation
Procedure: POJOPropertyBuilder.hasConstructorParameter
Procedure: POJOPropertyBuilder.couldDeserialize
Procedure: BasicDeserializerFactory.resolveMemberAndTypeAnnotations
Procedure: POJOPropertyBuilder.getGetter
Procedure: BasicDeserializerFactory.constructEnumResolver
Procedure: POJOPropertyBuilder.getGetterUnchecked
Procedure: BasicDeserializerFactory._hasCreatorAnnotation
Procedure: POJOPropertyBuilder.getSetterUnchecked
Procedure: POJOPropertyBuilder.getField
Procedure: POJOPropertyBuilder.getFieldUnchecked
Procedure: POJOPropertyBuilder.getConstructorParameter
Procedure: POJOPropertyBuilder.getPrimaryMember
Procedure: POJOPropertyBuilder.getPrimaryMemberUnchecked
Procedure: POJOPropertyBuilder._getterPriority
Procedure: POJOPropertyBuilder.findAccess
Procedure: POJOPropertyBuilder.addField
Procedure: POJOPropertyBuilder.addCtor
Procedure: POJOPropertyBuilder.addGetter
Procedure: POJOPropertyBuilder.addSetter
Procedure: POJOPropertyBuilder.addAll
Procedure: POJOPropertyBuilder.merge
Procedure: POJOPropertyBuilder.removeIgnored
Procedure: POJOPropertyBuilder.removeNonVisible
Procedure: POJOPropertyBuilder.removeConstructors
Procedure: POJOPropertyBuilder.trimByVisibility
Procedure: POJOPropertyBuilder.mergeAnnotations
Procedure: POJOPropertyBuilder._mergeAnnotations
Procedure: POJOPropertyBuilder._getAllAnnotations
Procedure: POJOPropertyBuilder._applyAnnotations
Procedure: POJOPropertyBuilder._removeIgnored
Procedure: POJOPropertyBuilder._removeNonVisible
Procedure: POJOPropertyBuilder._trimByVisibility
Procedure: POJOPropertyBuilder._anyExplicitNames
Procedure: POJOPropertyBuilder.anyVisible
Procedure: POJOPropertyBuilder._anyVisible
Procedure: POJOPropertyBuilder.anyIgnorals
Procedure: POJOPropertyBuilder._anyIgnorals
Procedure: POJOPropertyBuilder.anyExplicitsWithoutIgnoral
Procedure: POJOPropertyBuilder._anyExplicitsWithoutIgnoral
Procedure: POJOPropertyBuilder._anyExplicitNamesWithoutIgnoral
Procedure: POJOPropertyBuilder.findExplicitNames
Procedure: POJOPropertyBuilder.explode
Procedure: POJOPropertyBuilder._explode
Procedure: POJOPropertyBuilder._findExplicitNames
Procedure: POJOPropertyBuilder.fromMemberAnnotationsExcept
Procedure: POJOPropertyBuilder._rawTypeOf
