Warning type: USER.BAD_PRIVILEGE
Register: TypeFactory.class
Register: YAMLFactory.class
Register: 76016e32c9e5221b84ed0262f0d82c7c483eef7b
Register: ObjectMapper.class
Register: 8d4e3ac794ad88a5efc3c67ed76e6c8bf5e46553
Register: StringQuotingChecker$Default.class
Register: 0b0d33a178358289052303874d57a7d3c3ccc11a
Register: DefaultDeserializationContext.class
Register: bec0f9e5d0bb464a3909821613f9d8635dc57fab
Register: 455dd760ec169ff70f02f39721a70b2f35126885
Register: DeserializationConfig.class
Register: adc4d1a380dfca357dd20beac40641c46a0db74d
Register: BaseSettings.class
Register: MapperConfig.class
Register: ObjectCodec.class
Register: MappingJsonFactory.class
Register: StdSubtypeResolver.class
Register: RootNameLookup.class
Register: SimpleMixInResolver.class
Register: ConfigOverrides.class
Register: CoercionConfigs.class
Register: DatatypeFeatures.class
Register: SerializationConfig.class
Register: DefaultSerializerProvider$Impl.class
Register: DefaultDeserializationContext$Impl.class
Register: SimpleModule.class
Register: Module.class
Register: ObjectMapper$1.class
Register: MismatchedInputException.class
Register: DeserializationContext.class
Register: ReadableObjectId.class
Register: UnresolvedForwardReference.class
Register: ReadableObjectId$Referring.class
Register: DeserializationFeature.class
Register: ClassUtil.class
Register: BasicClassIntrospector.class
Register: MapperFeature.class
Register: MapperConfigBase.class
Register: TreeCodec.class
Register: SubtypeResolver.class
Register: LRUMap.class
Register: VisibilityChecker$Std.class
Register: DatatypeFeatures$DefaultHolder.class
Register: MutableCoercionConfig.class
Register: DefaultSerializerProvider.class
Register: ObjectMapper$2.class
Register: TypeBindings.class
Register: ClassStack.class
Register: ResolvedRecursiveType.class
Register: ArrayType.class
Register: MapType.class
Register: DeserializerCache.class
Register: BasicDeserializerFactory.class
Register: TypeWrappedDeserializer.class
Register: InvalidDefinitionException.class
Register: PropertyName.class
Register: JsonProcessingException.class
Register: UnresolvedId.class
Register: JsonMappingException.class
Register: JavaType.class
Register: ClassIntrospector.class
Register: PrivateMaxEntriesMap$Builder.class
Register: CoercionConfig.class
Register: ContextAttributes.class
Register: BasicSerializerFactory.class
Register: SerializerProvider.class
Register: TypeBindings$AsKey.class
Register: SimpleType.class
Register: PrivateMaxEntriesMap.class
Register: TypeBase.class
Register: LinkedNode.class
Register: BasicBeanDescription.class
Register: StdTypeResolverBuilder.class
Register: JsonDeserializer.class
Register: DatabindContext.class
Register: ContextAttributes$Impl.class
Register: SerializerCache.class
Register: BeanSerializerFactory.class
Register: DatabindException.class
Register: SerializerFactoryConfig.class
Register: DeserializerFactoryConfig.class
Register: BeanDeserializerFactory.class
Register: PrivateMaxEntriesMap$Node.class
Register: CollectionType.class
Register: ReferenceType.class
Register: MapLikeType.class
Register: TypeBindings$TypeParamStash.class
Register: ArrayBuilders.class
Register: ClassKey.class
Register: PrivateMaxEntriesMap$WeightedValue.class
Register: PrivateMaxEntriesMap$AddTask.class
Register: PrivateMaxEntriesMap$UpdateTask.class
Register: ResolvedType.class
Register: JsonMappingException$Reference.class
Register: JacksonException.class
Register: LinkedDeque.class
Register: CollectionLikeType.class
Register: StdDelegatingDeserializer.class
Register: ArrayIterator.class
Register: InternCache.class
Register: SerializerFactory.class
Register: DeserializerFactory.class
Register: StdDeserializer.class
Register: AnnotatedClassResolver.class
Register: BeanDeserializerBuilder.class
Register: AnnotatedMethod.class
Register: BeanDeserializerModifier.class
Register: ErrorThrowingDeserializer.class
Register: HandlerInstantiator.class
Register: AbstractDeserializer.class
Register: EnumDeserializer.class
Register: PrimitiveArrayDeserializers.class
Register: ObjectArrayDeserializer.class
Register: AnnotatedClass.class
Register: MapDeserializer.class
Register: EnumMapDeserializer.class
Register: JavaUtilCollectionsDeserializers.class
Register: EnumSetDeserializer.class
Register: ArrayBlockingQueueDeserializer.class
Register: StringCollectionDeserializer.class
Register: AtomicReferenceDeserializer.class
Register: CollectionDeserializer.class
Register: JsonNodeDeserializer.class
Register: BeanDescription.class
Register: DefaultAccessorNamingStrategy$Provider.class
Register: JDKValueInstantiators.class
Register: AnnotatedField.class
Register: PropertyMetadata.class
Register: SettableBeanProperty.class
Register: CreatorProperty.class
Register: ObjectIdInfo.class
Register: PropertyBasedObjectIdGenerator.class
Register: ObjectIdReader.class
Register: BeanPropertyDefinition.class
Register: BeanPropertyMap.class
Register: ConstructorDetector.class
Register: ObjectIdValueProperty.class
Register: CreatorCollector.class
Register: BasicDeserializerFactory$CreatorCollectionState.class
Register: JDK14Util.class
Register: POJOPropertiesCollector.class
Register: EnumResolver.class
Register: FactoryBasedEnumDeserializer.class
Register: StdScalarDeserializer.class
Register: PrimitiveArrayDeserializers$ByteDeser.class
Register: PrimitiveArrayDeserializers$ShortDeser.class
Register: PrimitiveArrayDeserializers$FloatDeser.class
Register: PrimitiveArrayDeserializers$DoubleDeser.class
Register: PrimitiveArrayDeserializers$CharDeser.class
Register: PrimitiveArrayDeserializers$BooleanDeser.class
Register: ContainerDeserializerBase.class
Register: BasicDeserializerFactory$ContainerDefaultMappings.class
Register: ReferenceTypeDeserializer.class
Register: IgnorePropertiesUtil.class
Register: JsonNodeDeserializer$ArrayDeserializer.class
Register: SimpleBeanPropertyDefinition.class
Register: ThrowableDeserializer.class
Register: JsonNodeDeserializer$ObjectDeserializer.class
Register: UnsupportedTypeDeserializer.class
Register: BeanUtil.class
Register: SubTypeValidator.class
Register: Annotated.class
Register: AnnotationCollector.class
Register: DefaultAccessorNamingStrategy$RecordNaming.class
Register: DefaultAccessorNamingStrategy.class
Register: JsonLocationInstantiator.class
Register: JDKValueInstantiators$ConstantValueInstantiator.class
Register: SettableAnyProperty.class
Register: AnnotationIntrospector$ReferenceProperty.class
Register: BeanProperty$Std.class
Register: SetterlessProperty.class
Register: FieldProperty.class
Register: MethodProperty.class
Register: AnnotatedMember.class
Register: ValueInjector.class
Register: ViewMatcher.class
Register: AnnotatedMethodMap.class
Register: ConfigOverride.class
Register: AnnotatedConstructor.class
Register: AnnotatedParameter.class
Register: CreatorCandidate.class
Register: StdValueInstantiator.class
Register: BuilderBasedDeserializer.class
Register: AnnotatedWithParams.class
Register: POJOPropertyBuilder.class
Register: CompactStringObjectMap.class
Register: NullsConstantProvider.class
Register: JDK14Util$CreatorLocator.class
Register: IgnorePropertiesUtil$Checker.class
Register: JavaUtilCollectionsDeserializers$JavaUtilCollectionsConverter.class
Register: BeanDeserializer.class
Register: NumberDeserializers.class
Register: UntypedObjectDeserializer.class
Register: MapEntryDeserializer.class
Register: DateDeserializers.class
Register: TokenBufferDeserializer.class
Register: JdkDeserializers.class
Register: AccessorNamingStrategy.class
Register: ValueInstantiator$Base.class
Register: SettableAnyProperty$JsonNodeFieldAnyProperty.class
Register: AnnotationIntrospector.class
Register: SettableAnyProperty$MapFieldAnyProperty.class
Register: SettableAnyProperty$MethodAnyProperty.class
Register: ViewMatcher$Single.class
Register: ViewMatcher$Multi.class
Register: MemberKey.class
Register: AnnotatedMethodCollector.class
Register: BeanDeserializerBase.class
Register: CreatorCandidate$Param.class
Register: ConcreteBeanPropertyBase.class
Register: ValueInstantiator.class
Register: JDK14Util$RecordAccessor.class
Register: PlaceholderForType.class
Register: AnnotatedCreatorCollector.class
Register: OptionalHandlerFactory.class
Register: DateDeserializers$CalendarDeserializer.class
Register: FromStringDeserializer.class
Register: UUIDDeserializer.class
Register: StackTraceElementDeserializer.class
Register: AtomicLongDeserializer.class
Register: ByteBufferDeserializer.class
Register: JDK14Util$RawTypeName.class
Register: AtomicBooleanDeserializer.class
Register: AtomicIntegerDeserializer.class
Register: DateDeserializers$DateBasedDeserializer.class
Register: FromStringDeserializer$Std.class
Register: Java7HandlersImpl.class
Register: FromStringDeserializer$StringBuilderDeserializer.class
Register: FromStringDeserializer$StringBufferDeserializer.class
Register: StdKeyDeserializers.class
Register: CollectorBase.class
Register: AnnotatedMethodCollector$MethodBuilder.class
Register: AnnotatedClass$Creators.class
Register: NativeImageUtil.class
Register: TypeResolutionContext$Basic.class
Register: POJOPropertyBuilder$Linked.class
Register: AnnotationMap.class
Register: NioPathDeserializer.class
Register: ClassUtil$Ctor.class
Register: MethodGenericTypeResolver.class
Register: AnnotatedFieldCollector.class
Register: POJOPropertyBuilder$5.class
Register: PropertyMetadata$MergeInfo.class
Register: StdKeyDeserializer$DelegatingKD.class
Register: StdKeyDeserializer$EnumKD.class
Register: StdKeyDeserializer$StringFactoryKeyDeserializer.class
Register: KeyDeserializer.class
Register: StdKeyDeserializer$StringCtorKeyDeserializer.class
Register: StdKeyDeserializer.class
Register: AnnotatedAndMetadata.class
Register: AnnotatedFieldCollector$FieldBuilder.class
