[settings file] /home/t/tools/svace/config/svace.ignore
[line] .*bits/predefined_ops\.h
[line] .*bits/stl_algo\.h
[line] .*bits/stl_algobase\.h
[line] .*bits/stl_bvector\.h
[line] .*bits/stl_heap\.h
[line] .*bits/stl_multiset\.h
[line] .*bits/stl_map\.h
[line] .*bits/stl_multimap\.h
[line] .*bits/stl_pair\.h
[line] .*bits/stl_deque\.h
[line] .*bits/stl_list\.h
[line] .*bits/stl_set\.h
[line] .*bits/stl_tree\.h
[line] .*bits/stl_vector\.h
[line] .*bits/stream_iterator\.h
[line] .*bits/streambuf_iterator\.h
[line] .*bits/shared_ptr_base.h\.h
[line] .*bits/basic_string\.h
[line] .*bits/vector\.tcc
[line] .*bits/deque\.tcc
[line] .*stlport/stl/_deque\.h
[line] .*/usr/include/.*\.h
[line] .*Microsoft Visual Studio/.*/VC/Tools/.*/include/.*
[settings file] /home/t/projects/Calculator/.svace-dir/svace.ignore
[accepted] /home/t/projects/Calculator/src/main/java/com/houarizegai/calculator/ui/CalculatorUI.java
[accepted] jackson-databind-2.14.2.jar!com/fasterxml/jackson/databind/type/TypeFactory.java
[accepted] /home/t/projects/Calculator/src/main/java/com/houarizegai/calculator/theme/properties/ThemeList.java
[accepted] [unknown]
[accepted] jackson-databind-2.14.2.jar!com/fasterxml/jackson/databind/deser/BasicDeserializerFactory.java
[accepted] jackson-databind-2.14.2.jar!com/fasterxml/jackson/databind/util/NativeImageUtil.java
[accepted] jackson-databind-2.14.2.jar!com/fasterxml/jackson/databind/ObjectMapper.java
[accepted] jackson-databind-2.14.2.jar!com/fasterxml/jackson/databind/deser/DeserializerCache.java
[accepted] jackson-databind-2.14.2.jar!com/fasterxml/jackson/databind/jsontype/impl/SubTypeValidator.java
[accepted] /home/t/projects/Calculator/src/main/java/com/houarizegai/calculator/App.java
[accepted] jackson-databind-2.14.2.jar!com/fasterxml/jackson/databind/DatabindContext.java
[accepted] jackson-databind-2.14.2.jar!com/fasterxml/jackson/databind/introspect/BasicBeanDescription.java
[accepted] jackson-databind-2.14.2.jar!com/fasterxml/jackson/databind/deser/DefaultDeserializationContext.java
[accepted] jackson-databind-2.14.2.jar!com/fasterxml/jackson/databind/introspect/POJOPropertiesCollector.java
[accepted] jackson-databind-2.14.2.jar!com/fasterxml/jackson/databind/DeserializationContext.java
[accepted] jackson-databind-2.14.2.jar!com/fasterxml/jackson/databind/util/ClassUtil.java
[accepted] jackson-databind-2.14.2.jar!com/fasterxml/jackson/databind/deser/BeanDeserializerFactory.java
